Performing C SOURCE FILE Test C_SUPPORTS_WERROR_UNGUARDED_AVAILABILITY_NEW failed with the following output:
Change Dir: /home/wenhu/mlir-learning/build/CMakeFiles/CMakeTmp

Run Build Command(s):/usr/bin/gmake -f Makefile cmTC_9fc3b/fast && gmake[1]: Entering directory '/home/wenhu/mlir-learning/build/CMakeFiles/CMakeTmp'
/usr/bin/gmake  -f CMakeFiles/cmTC_9fc3b.dir/build.make CMakeFiles/cmTC_9fc3b.dir/build
gmake[2]: Entering directory '/home/wenhu/mlir-learning/build/CMakeFiles/CMakeTmp'
Building C object CMakeFiles/cmTC_9fc3b.dir/src.c.o
/usr/bin/cc -DC_SUPPORTS_WERROR_UNGUARDED_AVAILABILITY_NEW  -fPIC -fno-semantic-interposition -Werror=date-time    -Werror -Werror=unguarded-availability-new -o CMakeFiles/cmTC_9fc3b.dir/src.c.o -c /home/wenhu/mlir-learning/build/CMakeFiles/CMakeTmp/src.c
cc1: error: '-Werror=unguarded-availability-new': no option '-Wunguarded-availability-new'
gmake[2]: *** [CMakeFiles/cmTC_9fc3b.dir/build.make:78: CMakeFiles/cmTC_9fc3b.dir/src.c.o] Error 1
gmake[2]: Leaving directory '/home/wenhu/mlir-learning/build/CMakeFiles/CMakeTmp'
gmake[1]: *** [Makefile:127: cmTC_9fc3b/fast] Error 2
gmake[1]: Leaving directory '/home/wenhu/mlir-learning/build/CMakeFiles/CMakeTmp'


Source file was:
int main(void) { return 0; }
Performing C++ SOURCE FILE Test CXX_SUPPORTS_WERROR_UNGUARDED_AVAILABILITY_NEW failed with the following output:
Change Dir: /home/wenhu/mlir-learning/build/CMakeFiles/CMakeTmp

Run Build Command(s):/usr/bin/gmake -f Makefile cmTC_103e6/fast && gmake[1]: Entering directory '/home/wenhu/mlir-learning/build/CMakeFiles/CMakeTmp'
/usr/bin/gmake  -f CMakeFiles/cmTC_103e6.dir/build.make CMakeFiles/cmTC_103e6.dir/build
gmake[2]: Entering directory '/home/wenhu/mlir-learning/build/CMakeFiles/CMakeTmp'
Building CXX object CMakeFiles/cmTC_103e6.dir/src.cxx.o
/usr/bin/c++ -DCXX_SUPPORTS_WERROR_UNGUARDED_AVAILABILITY_NEW  -fPIC -fno-semantic-interposition -fvisibility-inlines-hidden -Werror=date-time    -Werror -Werror=unguarded-availability-new -std=gnu++17 -o CMakeFiles/cmTC_103e6.dir/src.cxx.o -c /home/wenhu/mlir-learning/build/CMakeFiles/CMakeTmp/src.cxx
cc1plus: error: '-Werror=unguarded-availability-new': no option '-Wunguarded-availability-new'
gmake[2]: *** [CMakeFiles/cmTC_103e6.dir/build.make:78: CMakeFiles/cmTC_103e6.dir/src.cxx.o] Error 1
gmake[2]: Leaving directory '/home/wenhu/mlir-learning/build/CMakeFiles/CMakeTmp'
gmake[1]: *** [Makefile:127: cmTC_103e6/fast] Error 2
gmake[1]: Leaving directory '/home/wenhu/mlir-learning/build/CMakeFiles/CMakeTmp'


Source file was:
int main() { return 0; }
Performing C SOURCE FILE Test C_SUPPORTS_COVERED_SWITCH_DEFAULT_FLAG failed with the following output:
Change Dir: /home/wenhu/mlir-learning/build/CMakeFiles/CMakeTmp

Run Build Command(s):/usr/bin/gmake -f Makefile cmTC_dae57/fast && gmake[1]: Entering directory '/home/wenhu/mlir-learning/build/CMakeFiles/CMakeTmp'
/usr/bin/gmake  -f CMakeFiles/cmTC_dae57.dir/build.make CMakeFiles/cmTC_dae57.dir/build
gmake[2]: Entering directory '/home/wenhu/mlir-learning/build/CMakeFiles/CMakeTmp'
Building C object CMakeFiles/cmTC_dae57.dir/src.c.o
/usr/bin/cc -DC_SUPPORTS_COVERED_SWITCH_DEFAULT_FLAG  -fPIC -fno-semantic-interposition -Werror=date-time -fno-lifetime-dse -Wall -Wextra -Wno-unused-parameter -Wwrite-strings -Wcast-qual -Wno-missing-field-initializers -Wimplicit-fallthrough    -Werror -Wcovered-switch-default -o CMakeFiles/cmTC_dae57.dir/src.c.o -c /home/wenhu/mlir-learning/build/CMakeFiles/CMakeTmp/src.c
cc: error: unrecognized command-line option '-Wcovered-switch-default'; did you mean '-Wno-switch-default'?
gmake[2]: *** [CMakeFiles/cmTC_dae57.dir/build.make:78: CMakeFiles/cmTC_dae57.dir/src.c.o] Error 1
gmake[2]: Leaving directory '/home/wenhu/mlir-learning/build/CMakeFiles/CMakeTmp'
gmake[1]: *** [Makefile:127: cmTC_dae57/fast] Error 2
gmake[1]: Leaving directory '/home/wenhu/mlir-learning/build/CMakeFiles/CMakeTmp'


Source file was:
int main(void) { return 0; }
Performing C++ SOURCE FILE Test CXX_SUPPORTS_COVERED_SWITCH_DEFAULT_FLAG failed with the following output:
Change Dir: /home/wenhu/mlir-learning/build/CMakeFiles/CMakeTmp

Run Build Command(s):/usr/bin/gmake -f Makefile cmTC_fdb28/fast && gmake[1]: Entering directory '/home/wenhu/mlir-learning/build/CMakeFiles/CMakeTmp'
/usr/bin/gmake  -f CMakeFiles/cmTC_fdb28.dir/build.make CMakeFiles/cmTC_fdb28.dir/build
gmake[2]: Entering directory '/home/wenhu/mlir-learning/build/CMakeFiles/CMakeTmp'
Building CXX object CMakeFiles/cmTC_fdb28.dir/src.cxx.o
/usr/bin/c++ -DCXX_SUPPORTS_COVERED_SWITCH_DEFAULT_FLAG  -fPIC -fno-semantic-interposition -fvisibility-inlines-hidden -Werror=date-time -fno-lifetime-dse -Wall -Wextra -Wno-unused-parameter -Wwrite-strings -Wcast-qual -Wno-missing-field-initializers -Wimplicit-fallthrough    -Werror -Wcovered-switch-default -std=gnu++17 -o CMakeFiles/cmTC_fdb28.dir/src.cxx.o -c /home/wenhu/mlir-learning/build/CMakeFiles/CMakeTmp/src.cxx
c++: error: unrecognized command-line option '-Wcovered-switch-default'; did you mean '-Wno-switch-default'?
gmake[2]: *** [CMakeFiles/cmTC_fdb28.dir/build.make:78: CMakeFiles/cmTC_fdb28.dir/src.cxx.o] Error 1
gmake[2]: Leaving directory '/home/wenhu/mlir-learning/build/CMakeFiles/CMakeTmp'
gmake[1]: *** [Makefile:127: cmTC_fdb28/fast] Error 2
gmake[1]: Leaving directory '/home/wenhu/mlir-learning/build/CMakeFiles/CMakeTmp'


Source file was:
int main() { return 0; }
Performing C++ SOURCE FILE Test CXX_WONT_WARN_ON_FINAL_NONVIRTUALDTOR failed with the following output:
Change Dir: /home/wenhu/mlir-learning/build/CMakeFiles/CMakeTmp

Run Build Command(s):/usr/bin/gmake -f Makefile cmTC_63c2b/fast && gmake[1]: Entering directory '/home/wenhu/mlir-learning/build/CMakeFiles/CMakeTmp'
/usr/bin/gmake  -f CMakeFiles/cmTC_63c2b.dir/build.make CMakeFiles/cmTC_63c2b.dir/build
gmake[2]: Entering directory '/home/wenhu/mlir-learning/build/CMakeFiles/CMakeTmp'
Building CXX object CMakeFiles/cmTC_63c2b.dir/src.cxx.o
/usr/bin/c++ -DCXX_WONT_WARN_ON_FINAL_NONVIRTUALDTOR  -fPIC -fno-semantic-interposition -fvisibility-inlines-hidden -Werror=date-time -fno-lifetime-dse -Wall -Wextra -Wno-unused-parameter -Wwrite-strings -Wcast-qual -Wno-missing-field-initializers -Wimplicit-fallthrough -Wno-nonnull -Wno-class-memaccess -Wno-redundant-move -Wno-pessimizing-move -Wno-noexcept-type  -Werror=non-virtual-dtor -std=gnu++17 -o CMakeFiles/cmTC_63c2b.dir/src.cxx.o -c /home/wenhu/mlir-learning/build/CMakeFiles/CMakeTmp/src.cxx
/home/wenhu/mlir-learning/build/CMakeFiles/CMakeTmp/src.cxx:2:36: error: ‘class base’ has virtual functions and accessible non-virtual destructor [-Werror=non-virtual-dtor]
    2 |                              class base {friend f; public: virtual void anchor();protected: ~base();};
      |                                    ^~~~
cc1plus: some warnings being treated as errors
gmake[2]: *** [CMakeFiles/cmTC_63c2b.dir/build.make:78: CMakeFiles/cmTC_63c2b.dir/src.cxx.o] Error 1
gmake[2]: Leaving directory '/home/wenhu/mlir-learning/build/CMakeFiles/CMakeTmp'
gmake[1]: *** [Makefile:127: cmTC_63c2b/fast] Error 2
gmake[1]: Leaving directory '/home/wenhu/mlir-learning/build/CMakeFiles/CMakeTmp'


Source file was:
class f {};
                             class base {friend f; public: virtual void anchor();protected: ~base();};
                             int main() { return 0; }
Performing C SOURCE FILE Test C_WCOMMENT_ALLOWS_LINE_WRAP failed with the following output:
Change Dir: /home/wenhu/mlir-learning/build/CMakeFiles/CMakeTmp

Run Build Command(s):/usr/bin/gmake -f Makefile cmTC_fc7d6/fast && gmake[1]: Entering directory '/home/wenhu/mlir-learning/build/CMakeFiles/CMakeTmp'
/usr/bin/gmake  -f CMakeFiles/cmTC_fc7d6.dir/build.make CMakeFiles/cmTC_fc7d6.dir/build
gmake[2]: Entering directory '/home/wenhu/mlir-learning/build/CMakeFiles/CMakeTmp'
Building C object CMakeFiles/cmTC_fc7d6.dir/src.c.o
/usr/bin/cc -DC_WCOMMENT_ALLOWS_LINE_WRAP  -fPIC -fno-semantic-interposition -Werror=date-time -fno-lifetime-dse -Wall -Wextra -Wno-unused-parameter -Wwrite-strings -Wcast-qual -Wno-missing-field-initializers -Wimplicit-fallthrough  -Werror -Wcomment -o CMakeFiles/cmTC_fc7d6.dir/src.c.o -c /home/wenhu/mlir-learning/build/CMakeFiles/CMakeTmp/src.c
/home/wenhu/mlir-learning/build/CMakeFiles/CMakeTmp/src.c:1:1: error: multi-line comment [-Werror=comment]
    1 | // \
      | ^
cc1: all warnings being treated as errors
gmake[2]: *** [CMakeFiles/cmTC_fc7d6.dir/build.make:78: CMakeFiles/cmTC_fc7d6.dir/src.c.o] Error 1
gmake[2]: Leaving directory '/home/wenhu/mlir-learning/build/CMakeFiles/CMakeTmp'
gmake[1]: *** [Makefile:127: cmTC_fc7d6/fast] Error 2
gmake[1]: Leaving directory '/home/wenhu/mlir-learning/build/CMakeFiles/CMakeTmp'


Source file was:
// \
//
int main(void) {return 0;}
Performing C SOURCE FILE Test C_SUPPORTS_STRING_CONVERSION_FLAG failed with the following output:
Change Dir: /home/wenhu/mlir-learning/build/CMakeFiles/CMakeTmp

Run Build Command(s):/usr/bin/gmake -f Makefile cmTC_a9909/fast && gmake[1]: Entering directory '/home/wenhu/mlir-learning/build/CMakeFiles/CMakeTmp'
/usr/bin/gmake  -f CMakeFiles/cmTC_a9909.dir/build.make CMakeFiles/cmTC_a9909.dir/build
gmake[2]: Entering directory '/home/wenhu/mlir-learning/build/CMakeFiles/CMakeTmp'
Building C object CMakeFiles/cmTC_a9909.dir/src.c.o
/usr/bin/cc -DC_SUPPORTS_STRING_CONVERSION_FLAG  -fPIC -fno-semantic-interposition -Werror=date-time -fno-lifetime-dse -Wall -Wextra -Wno-unused-parameter -Wwrite-strings -Wcast-qual -Wno-missing-field-initializers -Wimplicit-fallthrough -Wno-comment    -Werror -Wstring-conversion -o CMakeFiles/cmTC_a9909.dir/src.c.o -c /home/wenhu/mlir-learning/build/CMakeFiles/CMakeTmp/src.c
cc: error: unrecognized command-line option '-Wstring-conversion'; did you mean '-Wsign-conversion'?
gmake[2]: *** [CMakeFiles/cmTC_a9909.dir/build.make:78: CMakeFiles/cmTC_a9909.dir/src.c.o] Error 1
gmake[2]: Leaving directory '/home/wenhu/mlir-learning/build/CMakeFiles/CMakeTmp'
gmake[1]: *** [Makefile:127: cmTC_a9909/fast] Error 2
gmake[1]: Leaving directory '/home/wenhu/mlir-learning/build/CMakeFiles/CMakeTmp'


Source file was:
int main(void) { return 0; }
Performing C++ SOURCE FILE Test CXX_SUPPORTS_STRING_CONVERSION_FLAG failed with the following output:
Change Dir: /home/wenhu/mlir-learning/build/CMakeFiles/CMakeTmp

Run Build Command(s):/usr/bin/gmake -f Makefile cmTC_9a7e7/fast && gmake[1]: Entering directory '/home/wenhu/mlir-learning/build/CMakeFiles/CMakeTmp'
/usr/bin/gmake  -f CMakeFiles/cmTC_9a7e7.dir/build.make CMakeFiles/cmTC_9a7e7.dir/build
gmake[2]: Entering directory '/home/wenhu/mlir-learning/build/CMakeFiles/CMakeTmp'
Building CXX object CMakeFiles/cmTC_9a7e7.dir/src.cxx.o
/usr/bin/c++ -DCXX_SUPPORTS_STRING_CONVERSION_FLAG  -fPIC -fno-semantic-interposition -fvisibility-inlines-hidden -Werror=date-time -fno-lifetime-dse -Wall -Wextra -Wno-unused-parameter -Wwrite-strings -Wcast-qual -Wno-missing-field-initializers -Wimplicit-fallthrough -Wno-nonnull -Wno-class-memaccess -Wno-redundant-move -Wno-pessimizing-move -Wno-noexcept-type -Wdelete-non-virtual-dtor -Wsuggest-override -Wno-comment    -Werror -Wstring-conversion -std=gnu++17 -o CMakeFiles/cmTC_9a7e7.dir/src.cxx.o -c /home/wenhu/mlir-learning/build/CMakeFiles/CMakeTmp/src.cxx
c++: error: unrecognized command-line option '-Wstring-conversion'; did you mean '-Wsign-conversion'?
gmake[2]: *** [CMakeFiles/cmTC_9a7e7.dir/build.make:78: CMakeFiles/cmTC_9a7e7.dir/src.cxx.o] Error 1
gmake[2]: Leaving directory '/home/wenhu/mlir-learning/build/CMakeFiles/CMakeTmp'
gmake[1]: *** [Makefile:127: cmTC_9a7e7/fast] Error 2
gmake[1]: Leaving directory '/home/wenhu/mlir-learning/build/CMakeFiles/CMakeTmp'


Source file was:
int main() { return 0; }
Performing C SOURCE FILE Test C_SUPPORTS_CTAD_MAYBE_UNSPPORTED_FLAG failed with the following output:
Change Dir: /home/wenhu/mlir-learning/build/CMakeFiles/CMakeTmp

Run Build Command(s):/usr/bin/gmake -f Makefile cmTC_51a5f/fast && gmake[1]: Entering directory '/home/wenhu/mlir-learning/build/CMakeFiles/CMakeTmp'
/usr/bin/gmake  -f CMakeFiles/cmTC_51a5f.dir/build.make CMakeFiles/cmTC_51a5f.dir/build
gmake[2]: Entering directory '/home/wenhu/mlir-learning/build/CMakeFiles/CMakeTmp'
Building C object CMakeFiles/cmTC_51a5f.dir/src.c.o
/usr/bin/cc -DC_SUPPORTS_CTAD_MAYBE_UNSPPORTED_FLAG  -fPIC -fno-semantic-interposition -Werror=date-time -fno-lifetime-dse -Wall -Wextra -Wno-unused-parameter -Wwrite-strings -Wcast-qual -Wno-missing-field-initializers -Wimplicit-fallthrough -Wno-comment    -Werror -Wctad-maybe-unsupported -o CMakeFiles/cmTC_51a5f.dir/src.c.o -c /home/wenhu/mlir-learning/build/CMakeFiles/CMakeTmp/src.c
cc1: error: command-line option '-Wctad-maybe-unsupported' is valid for C++/ObjC++ but not for C [-Werror]
cc1: all warnings being treated as errors
gmake[2]: *** [CMakeFiles/cmTC_51a5f.dir/build.make:78: CMakeFiles/cmTC_51a5f.dir/src.c.o] Error 1
gmake[2]: Leaving directory '/home/wenhu/mlir-learning/build/CMakeFiles/CMakeTmp'
gmake[1]: *** [Makefile:127: cmTC_51a5f/fast] Error 2
gmake[1]: Leaving directory '/home/wenhu/mlir-learning/build/CMakeFiles/CMakeTmp'


Source file was:
int main(void) { return 0; }
Determining if the os_signpost_interval_begin exist failed with the following output:
Change Dir: /home/wenhu/mlir-learning/build/CMakeFiles/CMakeTmp

Run Build Command(s):/usr/bin/gmake -f Makefile cmTC_1e991/fast && gmake[1]: Entering directory '/home/wenhu/mlir-learning/build/CMakeFiles/CMakeTmp'
/usr/bin/gmake  -f CMakeFiles/cmTC_1e991.dir/build.make CMakeFiles/cmTC_1e991.dir/build
gmake[2]: Entering directory '/home/wenhu/mlir-learning/build/CMakeFiles/CMakeTmp'
Building C object CMakeFiles/cmTC_1e991.dir/CheckSymbolExists.c.o
/usr/bin/cc   -fPIC -fno-semantic-interposition -fno-lifetime-dse -Wall -Wextra -Wno-unused-parameter -Wwrite-strings -Wcast-qual -Wno-missing-field-initializers -Wimplicit-fallthrough -Wno-comment -ffunction-sections -fdata-sections  -o CMakeFiles/cmTC_1e991.dir/CheckSymbolExists.c.o -c /home/wenhu/mlir-learning/build/CMakeFiles/CMakeTmp/CheckSymbolExists.c
/home/wenhu/mlir-learning/build/CMakeFiles/CMakeTmp/CheckSymbolExists.c:2:10: fatal error: os/signpost.h: No such file or directory
    2 | #include <os/signpost.h>
      |          ^~~~~~~~~~~~~~~
compilation terminated.
gmake[2]: *** [CMakeFiles/cmTC_1e991.dir/build.make:78: CMakeFiles/cmTC_1e991.dir/CheckSymbolExists.c.o] Error 1
gmake[2]: Leaving directory '/home/wenhu/mlir-learning/build/CMakeFiles/CMakeTmp'
gmake[1]: *** [Makefile:127: cmTC_1e991/fast] Error 2
gmake[1]: Leaving directory '/home/wenhu/mlir-learning/build/CMakeFiles/CMakeTmp'


File /home/wenhu/mlir-learning/build/CMakeFiles/CMakeTmp/CheckSymbolExists.c:
/* */
#include <os/signpost.h>

int main(int argc, char** argv)
{
  (void)argv;
#ifndef os_signpost_interval_begin
  return ((int*)(&os_signpost_interval_begin))[argc];
#else
  (void)argc;
  return 0;
#endif
}
