The system is: Linux - 6.5.0-35-generic - x86_64
Compiling the C compiler identification source file "CMakeCCompilerId.c" succeeded.
Compiler: /usr/bin/cc 
Build flags: 
Id flags:  

The output was:
0


Compilation of the C compiler identification source "CMakeCCompilerId.c" produced "a.out"

The C compiler identification is GNU, found in "/home/wenhu/mlir-learning/build/CMakeFiles/3.22.1/CompilerIdC/a.out"

Compiling the CXX compiler identification source file "CMakeCXXCompilerId.cpp" succeeded.
Compiler: /usr/bin/c++ 
Build flags: 
Id flags:  

The output was:
0


Compilation of the CXX compiler identification source "CMakeCXXCompilerId.cpp" produced "a.out"

The CXX compiler identification is GNU, found in "/home/wenhu/mlir-learning/build/CMakeFiles/3.22.1/CompilerIdCXX/a.out"

Detecting C compiler ABI info compiled with the following output:
Change Dir: /home/wenhu/mlir-learning/build/CMakeFiles/CMakeTmp

Run Build Command(s):/usr/bin/gmake -f Makefile cmTC_7a299/fast && /usr/bin/gmake  -f CMakeFiles/cmTC_7a299.dir/build.make CMakeFiles/cmTC_7a299.dir/build
gmake[1]: Entering directory '/home/wenhu/mlir-learning/build/CMakeFiles/CMakeTmp'
Building C object CMakeFiles/cmTC_7a299.dir/CMakeCCompilerABI.c.o
/usr/bin/cc   -v -o CMakeFiles/cmTC_7a299.dir/CMakeCCompilerABI.c.o -c /usr/share/cmake-3.22/Modules/CMakeCCompilerABI.c
Using built-in specs.
COLLECT_GCC=/usr/bin/cc
OFFLOAD_TARGET_NAMES=nvptx-none:amdgcn-amdhsa
OFFLOAD_TARGET_DEFAULT=1
Target: x86_64-linux-gnu
Configured with: ../src/configure -v --with-pkgversion='Ubuntu 11.4.0-1ubuntu1~22.04' --with-bugurl=file:///usr/share/doc/gcc-11/README.Bugs --enable-languages=c,ada,c++,go,brig,d,fortran,objc,obj-c++,m2 --prefix=/usr --with-gcc-major-version-only --program-suffix=-11 --program-prefix=x86_64-linux-gnu- --enable-shared --enable-linker-build-id --libexecdir=/usr/lib --without-included-gettext --enable-threads=posix --libdir=/usr/lib --enable-nls --enable-bootstrap --enable-clocale=gnu --enable-libstdcxx-debug --enable-libstdcxx-time=yes --with-default-libstdcxx-abi=new --enable-gnu-unique-object --disable-vtable-verify --enable-plugin --enable-default-pie --with-system-zlib --enable-libphobos-checking=release --with-target-system-zlib=auto --enable-objc-gc=auto --enable-multiarch --disable-werror --enable-cet --with-arch-32=i686 --with-abi=m64 --with-multilib-list=m32,m64,mx32 --enable-multilib --with-tune=generic --enable-offload-targets=nvptx-none=/build/gcc-11-XeT9lY/gcc-11-11.4.0/debian/tmp-nvptx/usr,amdgcn-amdhsa=/build/gcc-11-XeT9lY/gcc-11-11.4.0/debian/tmp-gcn/usr --without-cuda-driver --enable-checking=release --build=x86_64-linux-gnu --host=x86_64-linux-gnu --target=x86_64-linux-gnu --with-build-config=bootstrap-lto-lean --enable-link-serialization=2
Thread model: posix
Supported LTO compression algorithms: zlib zstd
gcc version 11.4.0 (Ubuntu 11.4.0-1ubuntu1~22.04) 
COLLECT_GCC_OPTIONS='-v' '-o' 'CMakeFiles/cmTC_7a299.dir/CMakeCCompilerABI.c.o' '-c' '-mtune=generic' '-march=x86-64' '-dumpdir' 'CMakeFiles/cmTC_7a299.dir/'
 /usr/lib/gcc/x86_64-linux-gnu/11/cc1 -quiet -v -imultiarch x86_64-linux-gnu /usr/share/cmake-3.22/Modules/CMakeCCompilerABI.c -quiet -dumpdir CMakeFiles/cmTC_7a299.dir/ -dumpbase CMakeCCompilerABI.c.c -dumpbase-ext .c -mtune=generic -march=x86-64 -version -fasynchronous-unwind-tables -fstack-protector-strong -Wformat -Wformat-security -fstack-clash-protection -fcf-protection -o /tmp/ccnkqKMz.s
GNU C17 (Ubuntu 11.4.0-1ubuntu1~22.04) version 11.4.0 (x86_64-linux-gnu)
	compiled by GNU C version 11.4.0, GMP version 6.2.1, MPFR version 4.1.0, MPC version 1.2.1, isl version isl-0.24-GMP

GGC heuristics: --param ggc-min-expand=100 --param ggc-min-heapsize=131072
ignoring nonexistent directory "/usr/local/include/x86_64-linux-gnu"
ignoring nonexistent directory "/usr/lib/gcc/x86_64-linux-gnu/11/include-fixed"
ignoring nonexistent directory "/usr/lib/gcc/x86_64-linux-gnu/11/../../../../x86_64-linux-gnu/include"
#include "..." search starts here:
#include <...> search starts here:
 /usr/lib/gcc/x86_64-linux-gnu/11/include
 /usr/local/include
 /usr/include/x86_64-linux-gnu
 /usr/include
End of search list.
GNU C17 (Ubuntu 11.4.0-1ubuntu1~22.04) version 11.4.0 (x86_64-linux-gnu)
	compiled by GNU C version 11.4.0, GMP version 6.2.1, MPFR version 4.1.0, MPC version 1.2.1, isl version isl-0.24-GMP

GGC heuristics: --param ggc-min-expand=100 --param ggc-min-heapsize=131072
Compiler executable checksum: 50eaa2331df977b8016186198deb2d18
COLLECT_GCC_OPTIONS='-v' '-o' 'CMakeFiles/cmTC_7a299.dir/CMakeCCompilerABI.c.o' '-c' '-mtune=generic' '-march=x86-64' '-dumpdir' 'CMakeFiles/cmTC_7a299.dir/'
 as -v --64 -o CMakeFiles/cmTC_7a299.dir/CMakeCCompilerABI.c.o /tmp/ccnkqKMz.s
GNU assembler version 2.38 (x86_64-linux-gnu) using BFD version (GNU Binutils for Ubuntu) 2.38
COMPILER_PATH=/usr/lib/gcc/x86_64-linux-gnu/11/:/usr/lib/gcc/x86_64-linux-gnu/11/:/usr/lib/gcc/x86_64-linux-gnu/:/usr/lib/gcc/x86_64-linux-gnu/11/:/usr/lib/gcc/x86_64-linux-gnu/
LIBRARY_PATH=/usr/lib/gcc/x86_64-linux-gnu/11/:/usr/lib/gcc/x86_64-linux-gnu/11/../../../x86_64-linux-gnu/:/usr/lib/gcc/x86_64-linux-gnu/11/../../../../lib/:/lib/x86_64-linux-gnu/:/lib/../lib/:/usr/lib/x86_64-linux-gnu/:/usr/lib/../lib/:/usr/lib/gcc/x86_64-linux-gnu/11/../../../:/lib/:/usr/lib/
COLLECT_GCC_OPTIONS='-v' '-o' 'CMakeFiles/cmTC_7a299.dir/CMakeCCompilerABI.c.o' '-c' '-mtune=generic' '-march=x86-64' '-dumpdir' 'CMakeFiles/cmTC_7a299.dir/CMakeCCompilerABI.c.'
Linking C executable cmTC_7a299
/usr/bin/cmake -E cmake_link_script CMakeFiles/cmTC_7a299.dir/link.txt --verbose=1
/usr/bin/cc  -v CMakeFiles/cmTC_7a299.dir/CMakeCCompilerABI.c.o -o cmTC_7a299 
Using built-in specs.
COLLECT_GCC=/usr/bin/cc
COLLECT_LTO_WRAPPER=/usr/lib/gcc/x86_64-linux-gnu/11/lto-wrapper
OFFLOAD_TARGET_NAMES=nvptx-none:amdgcn-amdhsa
OFFLOAD_TARGET_DEFAULT=1
Target: x86_64-linux-gnu
Configured with: ../src/configure -v --with-pkgversion='Ubuntu 11.4.0-1ubuntu1~22.04' --with-bugurl=file:///usr/share/doc/gcc-11/README.Bugs --enable-languages=c,ada,c++,go,brig,d,fortran,objc,obj-c++,m2 --prefix=/usr --with-gcc-major-version-only --program-suffix=-11 --program-prefix=x86_64-linux-gnu- --enable-shared --enable-linker-build-id --libexecdir=/usr/lib --without-included-gettext --enable-threads=posix --libdir=/usr/lib --enable-nls --enable-bootstrap --enable-clocale=gnu --enable-libstdcxx-debug --enable-libstdcxx-time=yes --with-default-libstdcxx-abi=new --enable-gnu-unique-object --disable-vtable-verify --enable-plugin --enable-default-pie --with-system-zlib --enable-libphobos-checking=release --with-target-system-zlib=auto --enable-objc-gc=auto --enable-multiarch --disable-werror --enable-cet --with-arch-32=i686 --with-abi=m64 --with-multilib-list=m32,m64,mx32 --enable-multilib --with-tune=generic --enable-offload-targets=nvptx-none=/build/gcc-11-XeT9lY/gcc-11-11.4.0/debian/tmp-nvptx/usr,amdgcn-amdhsa=/build/gcc-11-XeT9lY/gcc-11-11.4.0/debian/tmp-gcn/usr --without-cuda-driver --enable-checking=release --build=x86_64-linux-gnu --host=x86_64-linux-gnu --target=x86_64-linux-gnu --with-build-config=bootstrap-lto-lean --enable-link-serialization=2
Thread model: posix
Supported LTO compression algorithms: zlib zstd
gcc version 11.4.0 (Ubuntu 11.4.0-1ubuntu1~22.04) 
COMPILER_PATH=/usr/lib/gcc/x86_64-linux-gnu/11/:/usr/lib/gcc/x86_64-linux-gnu/11/:/usr/lib/gcc/x86_64-linux-gnu/:/usr/lib/gcc/x86_64-linux-gnu/11/:/usr/lib/gcc/x86_64-linux-gnu/
LIBRARY_PATH=/usr/lib/gcc/x86_64-linux-gnu/11/:/usr/lib/gcc/x86_64-linux-gnu/11/../../../x86_64-linux-gnu/:/usr/lib/gcc/x86_64-linux-gnu/11/../../../../lib/:/lib/x86_64-linux-gnu/:/lib/../lib/:/usr/lib/x86_64-linux-gnu/:/usr/lib/../lib/:/usr/lib/gcc/x86_64-linux-gnu/11/../../../:/lib/:/usr/lib/
COLLECT_GCC_OPTIONS='-v' '-o' 'cmTC_7a299' '-mtune=generic' '-march=x86-64' '-dumpdir' 'cmTC_7a299.'
 /usr/lib/gcc/x86_64-linux-gnu/11/collect2 -plugin /usr/lib/gcc/x86_64-linux-gnu/11/liblto_plugin.so -plugin-opt=/usr/lib/gcc/x86_64-linux-gnu/11/lto-wrapper -plugin-opt=-fresolution=/tmp/ccPFV4iB.res -plugin-opt=-pass-through=-lgcc -plugin-opt=-pass-through=-lgcc_s -plugin-opt=-pass-through=-lc -plugin-opt=-pass-through=-lgcc -plugin-opt=-pass-through=-lgcc_s --build-id --eh-frame-hdr -m elf_x86_64 --hash-style=gnu --as-needed -dynamic-linker /lib64/ld-linux-x86-64.so.2 -pie -z now -z relro -o cmTC_7a299 /usr/lib/gcc/x86_64-linux-gnu/11/../../../x86_64-linux-gnu/Scrt1.o /usr/lib/gcc/x86_64-linux-gnu/11/../../../x86_64-linux-gnu/crti.o /usr/lib/gcc/x86_64-linux-gnu/11/crtbeginS.o -L/usr/lib/gcc/x86_64-linux-gnu/11 -L/usr/lib/gcc/x86_64-linux-gnu/11/../../../x86_64-linux-gnu -L/usr/lib/gcc/x86_64-linux-gnu/11/../../../../lib -L/lib/x86_64-linux-gnu -L/lib/../lib -L/usr/lib/x86_64-linux-gnu -L/usr/lib/../lib -L/usr/lib/gcc/x86_64-linux-gnu/11/../../.. CMakeFiles/cmTC_7a299.dir/CMakeCCompilerABI.c.o -lgcc --push-state --as-needed -lgcc_s --pop-state -lc -lgcc --push-state --as-needed -lgcc_s --pop-state /usr/lib/gcc/x86_64-linux-gnu/11/crtendS.o /usr/lib/gcc/x86_64-linux-gnu/11/../../../x86_64-linux-gnu/crtn.o
COLLECT_GCC_OPTIONS='-v' '-o' 'cmTC_7a299' '-mtune=generic' '-march=x86-64' '-dumpdir' 'cmTC_7a299.'
gmake[1]: Leaving directory '/home/wenhu/mlir-learning/build/CMakeFiles/CMakeTmp'



Parsed C implicit include dir info from above output: rv=done
  found start of include info
  found start of implicit include info
    add: [/usr/lib/gcc/x86_64-linux-gnu/11/include]
    add: [/usr/local/include]
    add: [/usr/include/x86_64-linux-gnu]
    add: [/usr/include]
  end of search list found
  collapse include dir [/usr/lib/gcc/x86_64-linux-gnu/11/include] ==> [/usr/lib/gcc/x86_64-linux-gnu/11/include]
  collapse include dir [/usr/local/include] ==> [/usr/local/include]
  collapse include dir [/usr/include/x86_64-linux-gnu] ==> [/usr/include/x86_64-linux-gnu]
  collapse include dir [/usr/include] ==> [/usr/include]
  implicit include dirs: [/usr/lib/gcc/x86_64-linux-gnu/11/include;/usr/local/include;/usr/include/x86_64-linux-gnu;/usr/include]


Parsed C implicit link information from above output:
  link line regex: [^( *|.*[/\])(ld|CMAKE_LINK_STARTFILE-NOTFOUND|([^/\]+-)?ld|collect2)[^/\]*( |$)]
  ignore line: [Change Dir: /home/wenhu/mlir-learning/build/CMakeFiles/CMakeTmp]
  ignore line: []
  ignore line: [Run Build Command(s):/usr/bin/gmake -f Makefile cmTC_7a299/fast && /usr/bin/gmake  -f CMakeFiles/cmTC_7a299.dir/build.make CMakeFiles/cmTC_7a299.dir/build]
  ignore line: [gmake[1]: Entering directory '/home/wenhu/mlir-learning/build/CMakeFiles/CMakeTmp']
  ignore line: [Building C object CMakeFiles/cmTC_7a299.dir/CMakeCCompilerABI.c.o]
  ignore line: [/usr/bin/cc   -v -o CMakeFiles/cmTC_7a299.dir/CMakeCCompilerABI.c.o -c /usr/share/cmake-3.22/Modules/CMakeCCompilerABI.c]
  ignore line: [Using built-in specs.]
  ignore line: [COLLECT_GCC=/usr/bin/cc]
  ignore line: [OFFLOAD_TARGET_NAMES=nvptx-none:amdgcn-amdhsa]
  ignore line: [OFFLOAD_TARGET_DEFAULT=1]
  ignore line: [Target: x86_64-linux-gnu]
  ignore line: [Configured with: ../src/configure -v --with-pkgversion='Ubuntu 11.4.0-1ubuntu1~22.04' --with-bugurl=file:///usr/share/doc/gcc-11/README.Bugs --enable-languages=c ada c++ go brig d fortran objc obj-c++ m2 --prefix=/usr --with-gcc-major-version-only --program-suffix=-11 --program-prefix=x86_64-linux-gnu- --enable-shared --enable-linker-build-id --libexecdir=/usr/lib --without-included-gettext --enable-threads=posix --libdir=/usr/lib --enable-nls --enable-bootstrap --enable-clocale=gnu --enable-libstdcxx-debug --enable-libstdcxx-time=yes --with-default-libstdcxx-abi=new --enable-gnu-unique-object --disable-vtable-verify --enable-plugin --enable-default-pie --with-system-zlib --enable-libphobos-checking=release --with-target-system-zlib=auto --enable-objc-gc=auto --enable-multiarch --disable-werror --enable-cet --with-arch-32=i686 --with-abi=m64 --with-multilib-list=m32 m64 mx32 --enable-multilib --with-tune=generic --enable-offload-targets=nvptx-none=/build/gcc-11-XeT9lY/gcc-11-11.4.0/debian/tmp-nvptx/usr amdgcn-amdhsa=/build/gcc-11-XeT9lY/gcc-11-11.4.0/debian/tmp-gcn/usr --without-cuda-driver --enable-checking=release --build=x86_64-linux-gnu --host=x86_64-linux-gnu --target=x86_64-linux-gnu --with-build-config=bootstrap-lto-lean --enable-link-serialization=2]
  ignore line: [Thread model: posix]
  ignore line: [Supported LTO compression algorithms: zlib zstd]
  ignore line: [gcc version 11.4.0 (Ubuntu 11.4.0-1ubuntu1~22.04) ]
  ignore line: [COLLECT_GCC_OPTIONS='-v' '-o' 'CMakeFiles/cmTC_7a299.dir/CMakeCCompilerABI.c.o' '-c' '-mtune=generic' '-march=x86-64' '-dumpdir' 'CMakeFiles/cmTC_7a299.dir/']
  ignore line: [ /usr/lib/gcc/x86_64-linux-gnu/11/cc1 -quiet -v -imultiarch x86_64-linux-gnu /usr/share/cmake-3.22/Modules/CMakeCCompilerABI.c -quiet -dumpdir CMakeFiles/cmTC_7a299.dir/ -dumpbase CMakeCCompilerABI.c.c -dumpbase-ext .c -mtune=generic -march=x86-64 -version -fasynchronous-unwind-tables -fstack-protector-strong -Wformat -Wformat-security -fstack-clash-protection -fcf-protection -o /tmp/ccnkqKMz.s]
  ignore line: [GNU C17 (Ubuntu 11.4.0-1ubuntu1~22.04) version 11.4.0 (x86_64-linux-gnu)]
  ignore line: [	compiled by GNU C version 11.4.0  GMP version 6.2.1  MPFR version 4.1.0  MPC version 1.2.1  isl version isl-0.24-GMP]
  ignore line: []
  ignore line: [GGC heuristics: --param ggc-min-expand=100 --param ggc-min-heapsize=131072]
  ignore line: [ignoring nonexistent directory "/usr/local/include/x86_64-linux-gnu"]
  ignore line: [ignoring nonexistent directory "/usr/lib/gcc/x86_64-linux-gnu/11/include-fixed"]
  ignore line: [ignoring nonexistent directory "/usr/lib/gcc/x86_64-linux-gnu/11/../../../../x86_64-linux-gnu/include"]
  ignore line: [#include "..." search starts here:]
  ignore line: [#include <...> search starts here:]
  ignore line: [ /usr/lib/gcc/x86_64-linux-gnu/11/include]
  ignore line: [ /usr/local/include]
  ignore line: [ /usr/include/x86_64-linux-gnu]
  ignore line: [ /usr/include]
  ignore line: [End of search list.]
  ignore line: [GNU C17 (Ubuntu 11.4.0-1ubuntu1~22.04) version 11.4.0 (x86_64-linux-gnu)]
  ignore line: [	compiled by GNU C version 11.4.0  GMP version 6.2.1  MPFR version 4.1.0  MPC version 1.2.1  isl version isl-0.24-GMP]
  ignore line: []
  ignore line: [GGC heuristics: --param ggc-min-expand=100 --param ggc-min-heapsize=131072]
  ignore line: [Compiler executable checksum: 50eaa2331df977b8016186198deb2d18]
  ignore line: [COLLECT_GCC_OPTIONS='-v' '-o' 'CMakeFiles/cmTC_7a299.dir/CMakeCCompilerABI.c.o' '-c' '-mtune=generic' '-march=x86-64' '-dumpdir' 'CMakeFiles/cmTC_7a299.dir/']
  ignore line: [ as -v --64 -o CMakeFiles/cmTC_7a299.dir/CMakeCCompilerABI.c.o /tmp/ccnkqKMz.s]
  ignore line: [GNU assembler version 2.38 (x86_64-linux-gnu) using BFD version (GNU Binutils for Ubuntu) 2.38]
  ignore line: [COMPILER_PATH=/usr/lib/gcc/x86_64-linux-gnu/11/:/usr/lib/gcc/x86_64-linux-gnu/11/:/usr/lib/gcc/x86_64-linux-gnu/:/usr/lib/gcc/x86_64-linux-gnu/11/:/usr/lib/gcc/x86_64-linux-gnu/]
  ignore line: [LIBRARY_PATH=/usr/lib/gcc/x86_64-linux-gnu/11/:/usr/lib/gcc/x86_64-linux-gnu/11/../../../x86_64-linux-gnu/:/usr/lib/gcc/x86_64-linux-gnu/11/../../../../lib/:/lib/x86_64-linux-gnu/:/lib/../lib/:/usr/lib/x86_64-linux-gnu/:/usr/lib/../lib/:/usr/lib/gcc/x86_64-linux-gnu/11/../../../:/lib/:/usr/lib/]
  ignore line: [COLLECT_GCC_OPTIONS='-v' '-o' 'CMakeFiles/cmTC_7a299.dir/CMakeCCompilerABI.c.o' '-c' '-mtune=generic' '-march=x86-64' '-dumpdir' 'CMakeFiles/cmTC_7a299.dir/CMakeCCompilerABI.c.']
  ignore line: [Linking C executable cmTC_7a299]
  ignore line: [/usr/bin/cmake -E cmake_link_script CMakeFiles/cmTC_7a299.dir/link.txt --verbose=1]
  ignore line: [/usr/bin/cc  -v CMakeFiles/cmTC_7a299.dir/CMakeCCompilerABI.c.o -o cmTC_7a299 ]
  ignore line: [Using built-in specs.]
  ignore line: [COLLECT_GCC=/usr/bin/cc]
  ignore line: [COLLECT_LTO_WRAPPER=/usr/lib/gcc/x86_64-linux-gnu/11/lto-wrapper]
  ignore line: [OFFLOAD_TARGET_NAMES=nvptx-none:amdgcn-amdhsa]
  ignore line: [OFFLOAD_TARGET_DEFAULT=1]
  ignore line: [Target: x86_64-linux-gnu]
  ignore line: [Configured with: ../src/configure -v --with-pkgversion='Ubuntu 11.4.0-1ubuntu1~22.04' --with-bugurl=file:///usr/share/doc/gcc-11/README.Bugs --enable-languages=c ada c++ go brig d fortran objc obj-c++ m2 --prefix=/usr --with-gcc-major-version-only --program-suffix=-11 --program-prefix=x86_64-linux-gnu- --enable-shared --enable-linker-build-id --libexecdir=/usr/lib --without-included-gettext --enable-threads=posix --libdir=/usr/lib --enable-nls --enable-bootstrap --enable-clocale=gnu --enable-libstdcxx-debug --enable-libstdcxx-time=yes --with-default-libstdcxx-abi=new --enable-gnu-unique-object --disable-vtable-verify --enable-plugin --enable-default-pie --with-system-zlib --enable-libphobos-checking=release --with-target-system-zlib=auto --enable-objc-gc=auto --enable-multiarch --disable-werror --enable-cet --with-arch-32=i686 --with-abi=m64 --with-multilib-list=m32 m64 mx32 --enable-multilib --with-tune=generic --enable-offload-targets=nvptx-none=/build/gcc-11-XeT9lY/gcc-11-11.4.0/debian/tmp-nvptx/usr amdgcn-amdhsa=/build/gcc-11-XeT9lY/gcc-11-11.4.0/debian/tmp-gcn/usr --without-cuda-driver --enable-checking=release --build=x86_64-linux-gnu --host=x86_64-linux-gnu --target=x86_64-linux-gnu --with-build-config=bootstrap-lto-lean --enable-link-serialization=2]
  ignore line: [Thread model: posix]
  ignore line: [Supported LTO compression algorithms: zlib zstd]
  ignore line: [gcc version 11.4.0 (Ubuntu 11.4.0-1ubuntu1~22.04) ]
  ignore line: [COMPILER_PATH=/usr/lib/gcc/x86_64-linux-gnu/11/:/usr/lib/gcc/x86_64-linux-gnu/11/:/usr/lib/gcc/x86_64-linux-gnu/:/usr/lib/gcc/x86_64-linux-gnu/11/:/usr/lib/gcc/x86_64-linux-gnu/]
  ignore line: [LIBRARY_PATH=/usr/lib/gcc/x86_64-linux-gnu/11/:/usr/lib/gcc/x86_64-linux-gnu/11/../../../x86_64-linux-gnu/:/usr/lib/gcc/x86_64-linux-gnu/11/../../../../lib/:/lib/x86_64-linux-gnu/:/lib/../lib/:/usr/lib/x86_64-linux-gnu/:/usr/lib/../lib/:/usr/lib/gcc/x86_64-linux-gnu/11/../../../:/lib/:/usr/lib/]
  ignore line: [COLLECT_GCC_OPTIONS='-v' '-o' 'cmTC_7a299' '-mtune=generic' '-march=x86-64' '-dumpdir' 'cmTC_7a299.']
  link line: [ /usr/lib/gcc/x86_64-linux-gnu/11/collect2 -plugin /usr/lib/gcc/x86_64-linux-gnu/11/liblto_plugin.so -plugin-opt=/usr/lib/gcc/x86_64-linux-gnu/11/lto-wrapper -plugin-opt=-fresolution=/tmp/ccPFV4iB.res -plugin-opt=-pass-through=-lgcc -plugin-opt=-pass-through=-lgcc_s -plugin-opt=-pass-through=-lc -plugin-opt=-pass-through=-lgcc -plugin-opt=-pass-through=-lgcc_s --build-id --eh-frame-hdr -m elf_x86_64 --hash-style=gnu --as-needed -dynamic-linker /lib64/ld-linux-x86-64.so.2 -pie -z now -z relro -o cmTC_7a299 /usr/lib/gcc/x86_64-linux-gnu/11/../../../x86_64-linux-gnu/Scrt1.o /usr/lib/gcc/x86_64-linux-gnu/11/../../../x86_64-linux-gnu/crti.o /usr/lib/gcc/x86_64-linux-gnu/11/crtbeginS.o -L/usr/lib/gcc/x86_64-linux-gnu/11 -L/usr/lib/gcc/x86_64-linux-gnu/11/../../../x86_64-linux-gnu -L/usr/lib/gcc/x86_64-linux-gnu/11/../../../../lib -L/lib/x86_64-linux-gnu -L/lib/../lib -L/usr/lib/x86_64-linux-gnu -L/usr/lib/../lib -L/usr/lib/gcc/x86_64-linux-gnu/11/../../.. CMakeFiles/cmTC_7a299.dir/CMakeCCompilerABI.c.o -lgcc --push-state --as-needed -lgcc_s --pop-state -lc -lgcc --push-state --as-needed -lgcc_s --pop-state /usr/lib/gcc/x86_64-linux-gnu/11/crtendS.o /usr/lib/gcc/x86_64-linux-gnu/11/../../../x86_64-linux-gnu/crtn.o]
    arg [/usr/lib/gcc/x86_64-linux-gnu/11/collect2] ==> ignore
    arg [-plugin] ==> ignore
    arg [/usr/lib/gcc/x86_64-linux-gnu/11/liblto_plugin.so] ==> ignore
    arg [-plugin-opt=/usr/lib/gcc/x86_64-linux-gnu/11/lto-wrapper] ==> ignore
    arg [-plugin-opt=-fresolution=/tmp/ccPFV4iB.res] ==> ignore
    arg [-plugin-opt=-pass-through=-lgcc] ==> ignore
    arg [-plugin-opt=-pass-through=-lgcc_s] ==> ignore
    arg [-plugin-opt=-pass-through=-lc] ==> ignore
    arg [-plugin-opt=-pass-through=-lgcc] ==> ignore
    arg [-plugin-opt=-pass-through=-lgcc_s] ==> ignore
    arg [--build-id] ==> ignore
    arg [--eh-frame-hdr] ==> ignore
    arg [-m] ==> ignore
    arg [elf_x86_64] ==> ignore
    arg [--hash-style=gnu] ==> ignore
    arg [--as-needed] ==> ignore
    arg [-dynamic-linker] ==> ignore
    arg [/lib64/ld-linux-x86-64.so.2] ==> ignore
    arg [-pie] ==> ignore
    arg [-znow] ==> ignore
    arg [-zrelro] ==> ignore
    arg [-o] ==> ignore
    arg [cmTC_7a299] ==> ignore
    arg [/usr/lib/gcc/x86_64-linux-gnu/11/../../../x86_64-linux-gnu/Scrt1.o] ==> obj [/usr/lib/gcc/x86_64-linux-gnu/11/../../../x86_64-linux-gnu/Scrt1.o]
    arg [/usr/lib/gcc/x86_64-linux-gnu/11/../../../x86_64-linux-gnu/crti.o] ==> obj [/usr/lib/gcc/x86_64-linux-gnu/11/../../../x86_64-linux-gnu/crti.o]
    arg [/usr/lib/gcc/x86_64-linux-gnu/11/crtbeginS.o] ==> obj [/usr/lib/gcc/x86_64-linux-gnu/11/crtbeginS.o]
    arg [-L/usr/lib/gcc/x86_64-linux-gnu/11] ==> dir [/usr/lib/gcc/x86_64-linux-gnu/11]
    arg [-L/usr/lib/gcc/x86_64-linux-gnu/11/../../../x86_64-linux-gnu] ==> dir [/usr/lib/gcc/x86_64-linux-gnu/11/../../../x86_64-linux-gnu]
    arg [-L/usr/lib/gcc/x86_64-linux-gnu/11/../../../../lib] ==> dir [/usr/lib/gcc/x86_64-linux-gnu/11/../../../../lib]
    arg [-L/lib/x86_64-linux-gnu] ==> dir [/lib/x86_64-linux-gnu]
    arg [-L/lib/../lib] ==> dir [/lib/../lib]
    arg [-L/usr/lib/x86_64-linux-gnu] ==> dir [/usr/lib/x86_64-linux-gnu]
    arg [-L/usr/lib/../lib] ==> dir [/usr/lib/../lib]
    arg [-L/usr/lib/gcc/x86_64-linux-gnu/11/../../..] ==> dir [/usr/lib/gcc/x86_64-linux-gnu/11/../../..]
    arg [CMakeFiles/cmTC_7a299.dir/CMakeCCompilerABI.c.o] ==> ignore
    arg [-lgcc] ==> lib [gcc]
    arg [--push-state] ==> ignore
    arg [--as-needed] ==> ignore
    arg [-lgcc_s] ==> lib [gcc_s]
    arg [--pop-state] ==> ignore
    arg [-lc] ==> lib [c]
    arg [-lgcc] ==> lib [gcc]
    arg [--push-state] ==> ignore
    arg [--as-needed] ==> ignore
    arg [-lgcc_s] ==> lib [gcc_s]
    arg [--pop-state] ==> ignore
    arg [/usr/lib/gcc/x86_64-linux-gnu/11/crtendS.o] ==> obj [/usr/lib/gcc/x86_64-linux-gnu/11/crtendS.o]
    arg [/usr/lib/gcc/x86_64-linux-gnu/11/../../../x86_64-linux-gnu/crtn.o] ==> obj [/usr/lib/gcc/x86_64-linux-gnu/11/../../../x86_64-linux-gnu/crtn.o]
  collapse obj [/usr/lib/gcc/x86_64-linux-gnu/11/../../../x86_64-linux-gnu/Scrt1.o] ==> [/usr/lib/x86_64-linux-gnu/Scrt1.o]
  collapse obj [/usr/lib/gcc/x86_64-linux-gnu/11/../../../x86_64-linux-gnu/crti.o] ==> [/usr/lib/x86_64-linux-gnu/crti.o]
  collapse obj [/usr/lib/gcc/x86_64-linux-gnu/11/../../../x86_64-linux-gnu/crtn.o] ==> [/usr/lib/x86_64-linux-gnu/crtn.o]
  collapse library dir [/usr/lib/gcc/x86_64-linux-gnu/11] ==> [/usr/lib/gcc/x86_64-linux-gnu/11]
  collapse library dir [/usr/lib/gcc/x86_64-linux-gnu/11/../../../x86_64-linux-gnu] ==> [/usr/lib/x86_64-linux-gnu]
  collapse library dir [/usr/lib/gcc/x86_64-linux-gnu/11/../../../../lib] ==> [/usr/lib]
  collapse library dir [/lib/x86_64-linux-gnu] ==> [/lib/x86_64-linux-gnu]
  collapse library dir [/lib/../lib] ==> [/lib]
  collapse library dir [/usr/lib/x86_64-linux-gnu] ==> [/usr/lib/x86_64-linux-gnu]
  collapse library dir [/usr/lib/../lib] ==> [/usr/lib]
  collapse library dir [/usr/lib/gcc/x86_64-linux-gnu/11/../../..] ==> [/usr/lib]
  implicit libs: [gcc;gcc_s;c;gcc;gcc_s]
  implicit objs: [/usr/lib/x86_64-linux-gnu/Scrt1.o;/usr/lib/x86_64-linux-gnu/crti.o;/usr/lib/gcc/x86_64-linux-gnu/11/crtbeginS.o;/usr/lib/gcc/x86_64-linux-gnu/11/crtendS.o;/usr/lib/x86_64-linux-gnu/crtn.o]
  implicit dirs: [/usr/lib/gcc/x86_64-linux-gnu/11;/usr/lib/x86_64-linux-gnu;/usr/lib;/lib/x86_64-linux-gnu;/lib]
  implicit fwks: []


Detecting CXX compiler ABI info compiled with the following output:
Change Dir: /home/wenhu/mlir-learning/build/CMakeFiles/CMakeTmp

Run Build Command(s):/usr/bin/gmake -f Makefile cmTC_c8ce7/fast && /usr/bin/gmake  -f CMakeFiles/cmTC_c8ce7.dir/build.make CMakeFiles/cmTC_c8ce7.dir/build
gmake[1]: Entering directory '/home/wenhu/mlir-learning/build/CMakeFiles/CMakeTmp'
Building CXX object CMakeFiles/cmTC_c8ce7.dir/CMakeCXXCompilerABI.cpp.o
/usr/bin/c++   -v -o CMakeFiles/cmTC_c8ce7.dir/CMakeCXXCompilerABI.cpp.o -c /usr/share/cmake-3.22/Modules/CMakeCXXCompilerABI.cpp
Using built-in specs.
COLLECT_GCC=/usr/bin/c++
OFFLOAD_TARGET_NAMES=nvptx-none:amdgcn-amdhsa
OFFLOAD_TARGET_DEFAULT=1
Target: x86_64-linux-gnu
Configured with: ../src/configure -v --with-pkgversion='Ubuntu 11.4.0-1ubuntu1~22.04' --with-bugurl=file:///usr/share/doc/gcc-11/README.Bugs --enable-languages=c,ada,c++,go,brig,d,fortran,objc,obj-c++,m2 --prefix=/usr --with-gcc-major-version-only --program-suffix=-11 --program-prefix=x86_64-linux-gnu- --enable-shared --enable-linker-build-id --libexecdir=/usr/lib --without-included-gettext --enable-threads=posix --libdir=/usr/lib --enable-nls --enable-bootstrap --enable-clocale=gnu --enable-libstdcxx-debug --enable-libstdcxx-time=yes --with-default-libstdcxx-abi=new --enable-gnu-unique-object --disable-vtable-verify --enable-plugin --enable-default-pie --with-system-zlib --enable-libphobos-checking=release --with-target-system-zlib=auto --enable-objc-gc=auto --enable-multiarch --disable-werror --enable-cet --with-arch-32=i686 --with-abi=m64 --with-multilib-list=m32,m64,mx32 --enable-multilib --with-tune=generic --enable-offload-targets=nvptx-none=/build/gcc-11-XeT9lY/gcc-11-11.4.0/debian/tmp-nvptx/usr,amdgcn-amdhsa=/build/gcc-11-XeT9lY/gcc-11-11.4.0/debian/tmp-gcn/usr --without-cuda-driver --enable-checking=release --build=x86_64-linux-gnu --host=x86_64-linux-gnu --target=x86_64-linux-gnu --with-build-config=bootstrap-lto-lean --enable-link-serialization=2
Thread model: posix
Supported LTO compression algorithms: zlib zstd
gcc version 11.4.0 (Ubuntu 11.4.0-1ubuntu1~22.04) 
COLLECT_GCC_OPTIONS='-v' '-o' 'CMakeFiles/cmTC_c8ce7.dir/CMakeCXXCompilerABI.cpp.o' '-c' '-shared-libgcc' '-mtune=generic' '-march=x86-64' '-dumpdir' 'CMakeFiles/cmTC_c8ce7.dir/'
 /usr/lib/gcc/x86_64-linux-gnu/11/cc1plus -quiet -v -imultiarch x86_64-linux-gnu -D_GNU_SOURCE /usr/share/cmake-3.22/Modules/CMakeCXXCompilerABI.cpp -quiet -dumpdir CMakeFiles/cmTC_c8ce7.dir/ -dumpbase CMakeCXXCompilerABI.cpp.cpp -dumpbase-ext .cpp -mtune=generic -march=x86-64 -version -fasynchronous-unwind-tables -fstack-protector-strong -Wformat -Wformat-security -fstack-clash-protection -fcf-protection -o /tmp/ccO2LjwJ.s
GNU C++17 (Ubuntu 11.4.0-1ubuntu1~22.04) version 11.4.0 (x86_64-linux-gnu)
	compiled by GNU C version 11.4.0, GMP version 6.2.1, MPFR version 4.1.0, MPC version 1.2.1, isl version isl-0.24-GMP

GGC heuristics: --param ggc-min-expand=100 --param ggc-min-heapsize=131072
ignoring duplicate directory "/usr/include/x86_64-linux-gnu/c++/11"
ignoring nonexistent directory "/usr/local/include/x86_64-linux-gnu"
ignoring nonexistent directory "/usr/lib/gcc/x86_64-linux-gnu/11/include-fixed"
ignoring nonexistent directory "/usr/lib/gcc/x86_64-linux-gnu/11/../../../../x86_64-linux-gnu/include"
#include "..." search starts here:
#include <...> search starts here:
 /usr/include/c++/11
 /usr/include/x86_64-linux-gnu/c++/11
 /usr/include/c++/11/backward
 /usr/lib/gcc/x86_64-linux-gnu/11/include
 /usr/local/include
 /usr/include/x86_64-linux-gnu
 /usr/include
End of search list.
GNU C++17 (Ubuntu 11.4.0-1ubuntu1~22.04) version 11.4.0 (x86_64-linux-gnu)
	compiled by GNU C version 11.4.0, GMP version 6.2.1, MPFR version 4.1.0, MPC version 1.2.1, isl version isl-0.24-GMP

GGC heuristics: --param ggc-min-expand=100 --param ggc-min-heapsize=131072
Compiler executable checksum: d591828bb4d392ae8b7b160e5bb0b95f
COLLECT_GCC_OPTIONS='-v' '-o' 'CMakeFiles/cmTC_c8ce7.dir/CMakeCXXCompilerABI.cpp.o' '-c' '-shared-libgcc' '-mtune=generic' '-march=x86-64' '-dumpdir' 'CMakeFiles/cmTC_c8ce7.dir/'
 as -v --64 -o CMakeFiles/cmTC_c8ce7.dir/CMakeCXXCompilerABI.cpp.o /tmp/ccO2LjwJ.s
GNU assembler version 2.38 (x86_64-linux-gnu) using BFD version (GNU Binutils for Ubuntu) 2.38
COMPILER_PATH=/usr/lib/gcc/x86_64-linux-gnu/11/:/usr/lib/gcc/x86_64-linux-gnu/11/:/usr/lib/gcc/x86_64-linux-gnu/:/usr/lib/gcc/x86_64-linux-gnu/11/:/usr/lib/gcc/x86_64-linux-gnu/
LIBRARY_PATH=/usr/lib/gcc/x86_64-linux-gnu/11/:/usr/lib/gcc/x86_64-linux-gnu/11/../../../x86_64-linux-gnu/:/usr/lib/gcc/x86_64-linux-gnu/11/../../../../lib/:/lib/x86_64-linux-gnu/:/lib/../lib/:/usr/lib/x86_64-linux-gnu/:/usr/lib/../lib/:/usr/lib/gcc/x86_64-linux-gnu/11/../../../:/lib/:/usr/lib/
COLLECT_GCC_OPTIONS='-v' '-o' 'CMakeFiles/cmTC_c8ce7.dir/CMakeCXXCompilerABI.cpp.o' '-c' '-shared-libgcc' '-mtune=generic' '-march=x86-64' '-dumpdir' 'CMakeFiles/cmTC_c8ce7.dir/CMakeCXXCompilerABI.cpp.'
Linking CXX executable cmTC_c8ce7
/usr/bin/cmake -E cmake_link_script CMakeFiles/cmTC_c8ce7.dir/link.txt --verbose=1
/usr/bin/c++  -v CMakeFiles/cmTC_c8ce7.dir/CMakeCXXCompilerABI.cpp.o -o cmTC_c8ce7 
Using built-in specs.
COLLECT_GCC=/usr/bin/c++
COLLECT_LTO_WRAPPER=/usr/lib/gcc/x86_64-linux-gnu/11/lto-wrapper
OFFLOAD_TARGET_NAMES=nvptx-none:amdgcn-amdhsa
OFFLOAD_TARGET_DEFAULT=1
Target: x86_64-linux-gnu
Configured with: ../src/configure -v --with-pkgversion='Ubuntu 11.4.0-1ubuntu1~22.04' --with-bugurl=file:///usr/share/doc/gcc-11/README.Bugs --enable-languages=c,ada,c++,go,brig,d,fortran,objc,obj-c++,m2 --prefix=/usr --with-gcc-major-version-only --program-suffix=-11 --program-prefix=x86_64-linux-gnu- --enable-shared --enable-linker-build-id --libexecdir=/usr/lib --without-included-gettext --enable-threads=posix --libdir=/usr/lib --enable-nls --enable-bootstrap --enable-clocale=gnu --enable-libstdcxx-debug --enable-libstdcxx-time=yes --with-default-libstdcxx-abi=new --enable-gnu-unique-object --disable-vtable-verify --enable-plugin --enable-default-pie --with-system-zlib --enable-libphobos-checking=release --with-target-system-zlib=auto --enable-objc-gc=auto --enable-multiarch --disable-werror --enable-cet --with-arch-32=i686 --with-abi=m64 --with-multilib-list=m32,m64,mx32 --enable-multilib --with-tune=generic --enable-offload-targets=nvptx-none=/build/gcc-11-XeT9lY/gcc-11-11.4.0/debian/tmp-nvptx/usr,amdgcn-amdhsa=/build/gcc-11-XeT9lY/gcc-11-11.4.0/debian/tmp-gcn/usr --without-cuda-driver --enable-checking=release --build=x86_64-linux-gnu --host=x86_64-linux-gnu --target=x86_64-linux-gnu --with-build-config=bootstrap-lto-lean --enable-link-serialization=2
Thread model: posix
Supported LTO compression algorithms: zlib zstd
gcc version 11.4.0 (Ubuntu 11.4.0-1ubuntu1~22.04) 
COMPILER_PATH=/usr/lib/gcc/x86_64-linux-gnu/11/:/usr/lib/gcc/x86_64-linux-gnu/11/:/usr/lib/gcc/x86_64-linux-gnu/:/usr/lib/gcc/x86_64-linux-gnu/11/:/usr/lib/gcc/x86_64-linux-gnu/
LIBRARY_PATH=/usr/lib/gcc/x86_64-linux-gnu/11/:/usr/lib/gcc/x86_64-linux-gnu/11/../../../x86_64-linux-gnu/:/usr/lib/gcc/x86_64-linux-gnu/11/../../../../lib/:/lib/x86_64-linux-gnu/:/lib/../lib/:/usr/lib/x86_64-linux-gnu/:/usr/lib/../lib/:/usr/lib/gcc/x86_64-linux-gnu/11/../../../:/lib/:/usr/lib/
COLLECT_GCC_OPTIONS='-v' '-o' 'cmTC_c8ce7' '-shared-libgcc' '-mtune=generic' '-march=x86-64' '-dumpdir' 'cmTC_c8ce7.'
 /usr/lib/gcc/x86_64-linux-gnu/11/collect2 -plugin /usr/lib/gcc/x86_64-linux-gnu/11/liblto_plugin.so -plugin-opt=/usr/lib/gcc/x86_64-linux-gnu/11/lto-wrapper -plugin-opt=-fresolution=/tmp/ccvWmH2p.res -plugin-opt=-pass-through=-lgcc_s -plugin-opt=-pass-through=-lgcc -plugin-opt=-pass-through=-lc -plugin-opt=-pass-through=-lgcc_s -plugin-opt=-pass-through=-lgcc --build-id --eh-frame-hdr -m elf_x86_64 --hash-style=gnu --as-needed -dynamic-linker /lib64/ld-linux-x86-64.so.2 -pie -z now -z relro -o cmTC_c8ce7 /usr/lib/gcc/x86_64-linux-gnu/11/../../../x86_64-linux-gnu/Scrt1.o /usr/lib/gcc/x86_64-linux-gnu/11/../../../x86_64-linux-gnu/crti.o /usr/lib/gcc/x86_64-linux-gnu/11/crtbeginS.o -L/usr/lib/gcc/x86_64-linux-gnu/11 -L/usr/lib/gcc/x86_64-linux-gnu/11/../../../x86_64-linux-gnu -L/usr/lib/gcc/x86_64-linux-gnu/11/../../../../lib -L/lib/x86_64-linux-gnu -L/lib/../lib -L/usr/lib/x86_64-linux-gnu -L/usr/lib/../lib -L/usr/lib/gcc/x86_64-linux-gnu/11/../../.. CMakeFiles/cmTC_c8ce7.dir/CMakeCXXCompilerABI.cpp.o -lstdc++ -lm -lgcc_s -lgcc -lc -lgcc_s -lgcc /usr/lib/gcc/x86_64-linux-gnu/11/crtendS.o /usr/lib/gcc/x86_64-linux-gnu/11/../../../x86_64-linux-gnu/crtn.o
COLLECT_GCC_OPTIONS='-v' '-o' 'cmTC_c8ce7' '-shared-libgcc' '-mtune=generic' '-march=x86-64' '-dumpdir' 'cmTC_c8ce7.'
gmake[1]: Leaving directory '/home/wenhu/mlir-learning/build/CMakeFiles/CMakeTmp'



Parsed CXX implicit include dir info from above output: rv=done
  found start of include info
  found start of implicit include info
    add: [/usr/include/c++/11]
    add: [/usr/include/x86_64-linux-gnu/c++/11]
    add: [/usr/include/c++/11/backward]
    add: [/usr/lib/gcc/x86_64-linux-gnu/11/include]
    add: [/usr/local/include]
    add: [/usr/include/x86_64-linux-gnu]
    add: [/usr/include]
  end of search list found
  collapse include dir [/usr/include/c++/11] ==> [/usr/include/c++/11]
  collapse include dir [/usr/include/x86_64-linux-gnu/c++/11] ==> [/usr/include/x86_64-linux-gnu/c++/11]
  collapse include dir [/usr/include/c++/11/backward] ==> [/usr/include/c++/11/backward]
  collapse include dir [/usr/lib/gcc/x86_64-linux-gnu/11/include] ==> [/usr/lib/gcc/x86_64-linux-gnu/11/include]
  collapse include dir [/usr/local/include] ==> [/usr/local/include]
  collapse include dir [/usr/include/x86_64-linux-gnu] ==> [/usr/include/x86_64-linux-gnu]
  collapse include dir [/usr/include] ==> [/usr/include]
  implicit include dirs: [/usr/include/c++/11;/usr/include/x86_64-linux-gnu/c++/11;/usr/include/c++/11/backward;/usr/lib/gcc/x86_64-linux-gnu/11/include;/usr/local/include;/usr/include/x86_64-linux-gnu;/usr/include]


Parsed CXX implicit link information from above output:
  link line regex: [^( *|.*[/\])(ld|CMAKE_LINK_STARTFILE-NOTFOUND|([^/\]+-)?ld|collect2)[^/\]*( |$)]
  ignore line: [Change Dir: /home/wenhu/mlir-learning/build/CMakeFiles/CMakeTmp]
  ignore line: []
  ignore line: [Run Build Command(s):/usr/bin/gmake -f Makefile cmTC_c8ce7/fast && /usr/bin/gmake  -f CMakeFiles/cmTC_c8ce7.dir/build.make CMakeFiles/cmTC_c8ce7.dir/build]
  ignore line: [gmake[1]: Entering directory '/home/wenhu/mlir-learning/build/CMakeFiles/CMakeTmp']
  ignore line: [Building CXX object CMakeFiles/cmTC_c8ce7.dir/CMakeCXXCompilerABI.cpp.o]
  ignore line: [/usr/bin/c++   -v -o CMakeFiles/cmTC_c8ce7.dir/CMakeCXXCompilerABI.cpp.o -c /usr/share/cmake-3.22/Modules/CMakeCXXCompilerABI.cpp]
  ignore line: [Using built-in specs.]
  ignore line: [COLLECT_GCC=/usr/bin/c++]
  ignore line: [OFFLOAD_TARGET_NAMES=nvptx-none:amdgcn-amdhsa]
  ignore line: [OFFLOAD_TARGET_DEFAULT=1]
  ignore line: [Target: x86_64-linux-gnu]
  ignore line: [Configured with: ../src/configure -v --with-pkgversion='Ubuntu 11.4.0-1ubuntu1~22.04' --with-bugurl=file:///usr/share/doc/gcc-11/README.Bugs --enable-languages=c ada c++ go brig d fortran objc obj-c++ m2 --prefix=/usr --with-gcc-major-version-only --program-suffix=-11 --program-prefix=x86_64-linux-gnu- --enable-shared --enable-linker-build-id --libexecdir=/usr/lib --without-included-gettext --enable-threads=posix --libdir=/usr/lib --enable-nls --enable-bootstrap --enable-clocale=gnu --enable-libstdcxx-debug --enable-libstdcxx-time=yes --with-default-libstdcxx-abi=new --enable-gnu-unique-object --disable-vtable-verify --enable-plugin --enable-default-pie --with-system-zlib --enable-libphobos-checking=release --with-target-system-zlib=auto --enable-objc-gc=auto --enable-multiarch --disable-werror --enable-cet --with-arch-32=i686 --with-abi=m64 --with-multilib-list=m32 m64 mx32 --enable-multilib --with-tune=generic --enable-offload-targets=nvptx-none=/build/gcc-11-XeT9lY/gcc-11-11.4.0/debian/tmp-nvptx/usr amdgcn-amdhsa=/build/gcc-11-XeT9lY/gcc-11-11.4.0/debian/tmp-gcn/usr --without-cuda-driver --enable-checking=release --build=x86_64-linux-gnu --host=x86_64-linux-gnu --target=x86_64-linux-gnu --with-build-config=bootstrap-lto-lean --enable-link-serialization=2]
  ignore line: [Thread model: posix]
  ignore line: [Supported LTO compression algorithms: zlib zstd]
  ignore line: [gcc version 11.4.0 (Ubuntu 11.4.0-1ubuntu1~22.04) ]
  ignore line: [COLLECT_GCC_OPTIONS='-v' '-o' 'CMakeFiles/cmTC_c8ce7.dir/CMakeCXXCompilerABI.cpp.o' '-c' '-shared-libgcc' '-mtune=generic' '-march=x86-64' '-dumpdir' 'CMakeFiles/cmTC_c8ce7.dir/']
  ignore line: [ /usr/lib/gcc/x86_64-linux-gnu/11/cc1plus -quiet -v -imultiarch x86_64-linux-gnu -D_GNU_SOURCE /usr/share/cmake-3.22/Modules/CMakeCXXCompilerABI.cpp -quiet -dumpdir CMakeFiles/cmTC_c8ce7.dir/ -dumpbase CMakeCXXCompilerABI.cpp.cpp -dumpbase-ext .cpp -mtune=generic -march=x86-64 -version -fasynchronous-unwind-tables -fstack-protector-strong -Wformat -Wformat-security -fstack-clash-protection -fcf-protection -o /tmp/ccO2LjwJ.s]
  ignore line: [GNU C++17 (Ubuntu 11.4.0-1ubuntu1~22.04) version 11.4.0 (x86_64-linux-gnu)]
  ignore line: [	compiled by GNU C version 11.4.0  GMP version 6.2.1  MPFR version 4.1.0  MPC version 1.2.1  isl version isl-0.24-GMP]
  ignore line: []
  ignore line: [GGC heuristics: --param ggc-min-expand=100 --param ggc-min-heapsize=131072]
  ignore line: [ignoring duplicate directory "/usr/include/x86_64-linux-gnu/c++/11"]
  ignore line: [ignoring nonexistent directory "/usr/local/include/x86_64-linux-gnu"]
  ignore line: [ignoring nonexistent directory "/usr/lib/gcc/x86_64-linux-gnu/11/include-fixed"]
  ignore line: [ignoring nonexistent directory "/usr/lib/gcc/x86_64-linux-gnu/11/../../../../x86_64-linux-gnu/include"]
  ignore line: [#include "..." search starts here:]
  ignore line: [#include <...> search starts here:]
  ignore line: [ /usr/include/c++/11]
  ignore line: [ /usr/include/x86_64-linux-gnu/c++/11]
  ignore line: [ /usr/include/c++/11/backward]
  ignore line: [ /usr/lib/gcc/x86_64-linux-gnu/11/include]
  ignore line: [ /usr/local/include]
  ignore line: [ /usr/include/x86_64-linux-gnu]
  ignore line: [ /usr/include]
  ignore line: [End of search list.]
  ignore line: [GNU C++17 (Ubuntu 11.4.0-1ubuntu1~22.04) version 11.4.0 (x86_64-linux-gnu)]
  ignore line: [	compiled by GNU C version 11.4.0  GMP version 6.2.1  MPFR version 4.1.0  MPC version 1.2.1  isl version isl-0.24-GMP]
  ignore line: []
  ignore line: [GGC heuristics: --param ggc-min-expand=100 --param ggc-min-heapsize=131072]
  ignore line: [Compiler executable checksum: d591828bb4d392ae8b7b160e5bb0b95f]
  ignore line: [COLLECT_GCC_OPTIONS='-v' '-o' 'CMakeFiles/cmTC_c8ce7.dir/CMakeCXXCompilerABI.cpp.o' '-c' '-shared-libgcc' '-mtune=generic' '-march=x86-64' '-dumpdir' 'CMakeFiles/cmTC_c8ce7.dir/']
  ignore line: [ as -v --64 -o CMakeFiles/cmTC_c8ce7.dir/CMakeCXXCompilerABI.cpp.o /tmp/ccO2LjwJ.s]
  ignore line: [GNU assembler version 2.38 (x86_64-linux-gnu) using BFD version (GNU Binutils for Ubuntu) 2.38]
  ignore line: [COMPILER_PATH=/usr/lib/gcc/x86_64-linux-gnu/11/:/usr/lib/gcc/x86_64-linux-gnu/11/:/usr/lib/gcc/x86_64-linux-gnu/:/usr/lib/gcc/x86_64-linux-gnu/11/:/usr/lib/gcc/x86_64-linux-gnu/]
  ignore line: [LIBRARY_PATH=/usr/lib/gcc/x86_64-linux-gnu/11/:/usr/lib/gcc/x86_64-linux-gnu/11/../../../x86_64-linux-gnu/:/usr/lib/gcc/x86_64-linux-gnu/11/../../../../lib/:/lib/x86_64-linux-gnu/:/lib/../lib/:/usr/lib/x86_64-linux-gnu/:/usr/lib/../lib/:/usr/lib/gcc/x86_64-linux-gnu/11/../../../:/lib/:/usr/lib/]
  ignore line: [COLLECT_GCC_OPTIONS='-v' '-o' 'CMakeFiles/cmTC_c8ce7.dir/CMakeCXXCompilerABI.cpp.o' '-c' '-shared-libgcc' '-mtune=generic' '-march=x86-64' '-dumpdir' 'CMakeFiles/cmTC_c8ce7.dir/CMakeCXXCompilerABI.cpp.']
  ignore line: [Linking CXX executable cmTC_c8ce7]
  ignore line: [/usr/bin/cmake -E cmake_link_script CMakeFiles/cmTC_c8ce7.dir/link.txt --verbose=1]
  ignore line: [/usr/bin/c++  -v CMakeFiles/cmTC_c8ce7.dir/CMakeCXXCompilerABI.cpp.o -o cmTC_c8ce7 ]
  ignore line: [Using built-in specs.]
  ignore line: [COLLECT_GCC=/usr/bin/c++]
  ignore line: [COLLECT_LTO_WRAPPER=/usr/lib/gcc/x86_64-linux-gnu/11/lto-wrapper]
  ignore line: [OFFLOAD_TARGET_NAMES=nvptx-none:amdgcn-amdhsa]
  ignore line: [OFFLOAD_TARGET_DEFAULT=1]
  ignore line: [Target: x86_64-linux-gnu]
  ignore line: [Configured with: ../src/configure -v --with-pkgversion='Ubuntu 11.4.0-1ubuntu1~22.04' --with-bugurl=file:///usr/share/doc/gcc-11/README.Bugs --enable-languages=c ada c++ go brig d fortran objc obj-c++ m2 --prefix=/usr --with-gcc-major-version-only --program-suffix=-11 --program-prefix=x86_64-linux-gnu- --enable-shared --enable-linker-build-id --libexecdir=/usr/lib --without-included-gettext --enable-threads=posix --libdir=/usr/lib --enable-nls --enable-bootstrap --enable-clocale=gnu --enable-libstdcxx-debug --enable-libstdcxx-time=yes --with-default-libstdcxx-abi=new --enable-gnu-unique-object --disable-vtable-verify --enable-plugin --enable-default-pie --with-system-zlib --enable-libphobos-checking=release --with-target-system-zlib=auto --enable-objc-gc=auto --enable-multiarch --disable-werror --enable-cet --with-arch-32=i686 --with-abi=m64 --with-multilib-list=m32 m64 mx32 --enable-multilib --with-tune=generic --enable-offload-targets=nvptx-none=/build/gcc-11-XeT9lY/gcc-11-11.4.0/debian/tmp-nvptx/usr amdgcn-amdhsa=/build/gcc-11-XeT9lY/gcc-11-11.4.0/debian/tmp-gcn/usr --without-cuda-driver --enable-checking=release --build=x86_64-linux-gnu --host=x86_64-linux-gnu --target=x86_64-linux-gnu --with-build-config=bootstrap-lto-lean --enable-link-serialization=2]
  ignore line: [Thread model: posix]
  ignore line: [Supported LTO compression algorithms: zlib zstd]
  ignore line: [gcc version 11.4.0 (Ubuntu 11.4.0-1ubuntu1~22.04) ]
  ignore line: [COMPILER_PATH=/usr/lib/gcc/x86_64-linux-gnu/11/:/usr/lib/gcc/x86_64-linux-gnu/11/:/usr/lib/gcc/x86_64-linux-gnu/:/usr/lib/gcc/x86_64-linux-gnu/11/:/usr/lib/gcc/x86_64-linux-gnu/]
  ignore line: [LIBRARY_PATH=/usr/lib/gcc/x86_64-linux-gnu/11/:/usr/lib/gcc/x86_64-linux-gnu/11/../../../x86_64-linux-gnu/:/usr/lib/gcc/x86_64-linux-gnu/11/../../../../lib/:/lib/x86_64-linux-gnu/:/lib/../lib/:/usr/lib/x86_64-linux-gnu/:/usr/lib/../lib/:/usr/lib/gcc/x86_64-linux-gnu/11/../../../:/lib/:/usr/lib/]
  ignore line: [COLLECT_GCC_OPTIONS='-v' '-o' 'cmTC_c8ce7' '-shared-libgcc' '-mtune=generic' '-march=x86-64' '-dumpdir' 'cmTC_c8ce7.']
  link line: [ /usr/lib/gcc/x86_64-linux-gnu/11/collect2 -plugin /usr/lib/gcc/x86_64-linux-gnu/11/liblto_plugin.so -plugin-opt=/usr/lib/gcc/x86_64-linux-gnu/11/lto-wrapper -plugin-opt=-fresolution=/tmp/ccvWmH2p.res -plugin-opt=-pass-through=-lgcc_s -plugin-opt=-pass-through=-lgcc -plugin-opt=-pass-through=-lc -plugin-opt=-pass-through=-lgcc_s -plugin-opt=-pass-through=-lgcc --build-id --eh-frame-hdr -m elf_x86_64 --hash-style=gnu --as-needed -dynamic-linker /lib64/ld-linux-x86-64.so.2 -pie -z now -z relro -o cmTC_c8ce7 /usr/lib/gcc/x86_64-linux-gnu/11/../../../x86_64-linux-gnu/Scrt1.o /usr/lib/gcc/x86_64-linux-gnu/11/../../../x86_64-linux-gnu/crti.o /usr/lib/gcc/x86_64-linux-gnu/11/crtbeginS.o -L/usr/lib/gcc/x86_64-linux-gnu/11 -L/usr/lib/gcc/x86_64-linux-gnu/11/../../../x86_64-linux-gnu -L/usr/lib/gcc/x86_64-linux-gnu/11/../../../../lib -L/lib/x86_64-linux-gnu -L/lib/../lib -L/usr/lib/x86_64-linux-gnu -L/usr/lib/../lib -L/usr/lib/gcc/x86_64-linux-gnu/11/../../.. CMakeFiles/cmTC_c8ce7.dir/CMakeCXXCompilerABI.cpp.o -lstdc++ -lm -lgcc_s -lgcc -lc -lgcc_s -lgcc /usr/lib/gcc/x86_64-linux-gnu/11/crtendS.o /usr/lib/gcc/x86_64-linux-gnu/11/../../../x86_64-linux-gnu/crtn.o]
    arg [/usr/lib/gcc/x86_64-linux-gnu/11/collect2] ==> ignore
    arg [-plugin] ==> ignore
    arg [/usr/lib/gcc/x86_64-linux-gnu/11/liblto_plugin.so] ==> ignore
    arg [-plugin-opt=/usr/lib/gcc/x86_64-linux-gnu/11/lto-wrapper] ==> ignore
    arg [-plugin-opt=-fresolution=/tmp/ccvWmH2p.res] ==> ignore
    arg [-plugin-opt=-pass-through=-lgcc_s] ==> ignore
    arg [-plugin-opt=-pass-through=-lgcc] ==> ignore
    arg [-plugin-opt=-pass-through=-lc] ==> ignore
    arg [-plugin-opt=-pass-through=-lgcc_s] ==> ignore
    arg [-plugin-opt=-pass-through=-lgcc] ==> ignore
    arg [--build-id] ==> ignore
    arg [--eh-frame-hdr] ==> ignore
    arg [-m] ==> ignore
    arg [elf_x86_64] ==> ignore
    arg [--hash-style=gnu] ==> ignore
    arg [--as-needed] ==> ignore
    arg [-dynamic-linker] ==> ignore
    arg [/lib64/ld-linux-x86-64.so.2] ==> ignore
    arg [-pie] ==> ignore
    arg [-znow] ==> ignore
    arg [-zrelro] ==> ignore
    arg [-o] ==> ignore
    arg [cmTC_c8ce7] ==> ignore
    arg [/usr/lib/gcc/x86_64-linux-gnu/11/../../../x86_64-linux-gnu/Scrt1.o] ==> obj [/usr/lib/gcc/x86_64-linux-gnu/11/../../../x86_64-linux-gnu/Scrt1.o]
    arg [/usr/lib/gcc/x86_64-linux-gnu/11/../../../x86_64-linux-gnu/crti.o] ==> obj [/usr/lib/gcc/x86_64-linux-gnu/11/../../../x86_64-linux-gnu/crti.o]
    arg [/usr/lib/gcc/x86_64-linux-gnu/11/crtbeginS.o] ==> obj [/usr/lib/gcc/x86_64-linux-gnu/11/crtbeginS.o]
    arg [-L/usr/lib/gcc/x86_64-linux-gnu/11] ==> dir [/usr/lib/gcc/x86_64-linux-gnu/11]
    arg [-L/usr/lib/gcc/x86_64-linux-gnu/11/../../../x86_64-linux-gnu] ==> dir [/usr/lib/gcc/x86_64-linux-gnu/11/../../../x86_64-linux-gnu]
    arg [-L/usr/lib/gcc/x86_64-linux-gnu/11/../../../../lib] ==> dir [/usr/lib/gcc/x86_64-linux-gnu/11/../../../../lib]
    arg [-L/lib/x86_64-linux-gnu] ==> dir [/lib/x86_64-linux-gnu]
    arg [-L/lib/../lib] ==> dir [/lib/../lib]
    arg [-L/usr/lib/x86_64-linux-gnu] ==> dir [/usr/lib/x86_64-linux-gnu]
    arg [-L/usr/lib/../lib] ==> dir [/usr/lib/../lib]
    arg [-L/usr/lib/gcc/x86_64-linux-gnu/11/../../..] ==> dir [/usr/lib/gcc/x86_64-linux-gnu/11/../../..]
    arg [CMakeFiles/cmTC_c8ce7.dir/CMakeCXXCompilerABI.cpp.o] ==> ignore
    arg [-lstdc++] ==> lib [stdc++]
    arg [-lm] ==> lib [m]
    arg [-lgcc_s] ==> lib [gcc_s]
    arg [-lgcc] ==> lib [gcc]
    arg [-lc] ==> lib [c]
    arg [-lgcc_s] ==> lib [gcc_s]
    arg [-lgcc] ==> lib [gcc]
    arg [/usr/lib/gcc/x86_64-linux-gnu/11/crtendS.o] ==> obj [/usr/lib/gcc/x86_64-linux-gnu/11/crtendS.o]
    arg [/usr/lib/gcc/x86_64-linux-gnu/11/../../../x86_64-linux-gnu/crtn.o] ==> obj [/usr/lib/gcc/x86_64-linux-gnu/11/../../../x86_64-linux-gnu/crtn.o]
  collapse obj [/usr/lib/gcc/x86_64-linux-gnu/11/../../../x86_64-linux-gnu/Scrt1.o] ==> [/usr/lib/x86_64-linux-gnu/Scrt1.o]
  collapse obj [/usr/lib/gcc/x86_64-linux-gnu/11/../../../x86_64-linux-gnu/crti.o] ==> [/usr/lib/x86_64-linux-gnu/crti.o]
  collapse obj [/usr/lib/gcc/x86_64-linux-gnu/11/../../../x86_64-linux-gnu/crtn.o] ==> [/usr/lib/x86_64-linux-gnu/crtn.o]
  collapse library dir [/usr/lib/gcc/x86_64-linux-gnu/11] ==> [/usr/lib/gcc/x86_64-linux-gnu/11]
  collapse library dir [/usr/lib/gcc/x86_64-linux-gnu/11/../../../x86_64-linux-gnu] ==> [/usr/lib/x86_64-linux-gnu]
  collapse library dir [/usr/lib/gcc/x86_64-linux-gnu/11/../../../../lib] ==> [/usr/lib]
  collapse library dir [/lib/x86_64-linux-gnu] ==> [/lib/x86_64-linux-gnu]
  collapse library dir [/lib/../lib] ==> [/lib]
  collapse library dir [/usr/lib/x86_64-linux-gnu] ==> [/usr/lib/x86_64-linux-gnu]
  collapse library dir [/usr/lib/../lib] ==> [/usr/lib]
  collapse library dir [/usr/lib/gcc/x86_64-linux-gnu/11/../../..] ==> [/usr/lib]
  implicit libs: [stdc++;m;gcc_s;gcc;c;gcc_s;gcc]
  implicit objs: [/usr/lib/x86_64-linux-gnu/Scrt1.o;/usr/lib/x86_64-linux-gnu/crti.o;/usr/lib/gcc/x86_64-linux-gnu/11/crtbeginS.o;/usr/lib/gcc/x86_64-linux-gnu/11/crtendS.o;/usr/lib/x86_64-linux-gnu/crtn.o]
  implicit dirs: [/usr/lib/gcc/x86_64-linux-gnu/11;/usr/lib/x86_64-linux-gnu;/usr/lib;/lib/x86_64-linux-gnu;/lib]
  implicit fwks: []


Performing C SOURCE FILE Test Terminfo_LINKABLE succeeded with the following output:
Change Dir: /home/wenhu/mlir-learning/build/CMakeFiles/CMakeTmp

Run Build Command(s):/usr/bin/gmake -f Makefile cmTC_73ead/fast && /usr/bin/gmake  -f CMakeFiles/cmTC_73ead.dir/build.make CMakeFiles/cmTC_73ead.dir/build
gmake[1]: Entering directory '/home/wenhu/mlir-learning/build/CMakeFiles/CMakeTmp'
Building C object CMakeFiles/cmTC_73ead.dir/src.c.o
/usr/bin/cc -DTerminfo_LINKABLE   -o CMakeFiles/cmTC_73ead.dir/src.c.o -c /home/wenhu/mlir-learning/build/CMakeFiles/CMakeTmp/src.c
Linking C executable cmTC_73ead
/usr/bin/cmake -E cmake_link_script CMakeFiles/cmTC_73ead.dir/link.txt --verbose=1
/usr/bin/cc CMakeFiles/cmTC_73ead.dir/src.c.o -o cmTC_73ead  /usr/lib/x86_64-linux-gnu/libtinfo.so 
gmake[1]: Leaving directory '/home/wenhu/mlir-learning/build/CMakeFiles/CMakeTmp'


Source file was:

    int setupterm(char *term, int filedes, int *errret);
    int main(void) { return setupterm(0, 0, 0); }
Performing C SOURCE FILE Test C_SUPPORTS_FPIC succeeded with the following output:
Change Dir: /home/wenhu/mlir-learning/build/CMakeFiles/CMakeTmp

Run Build Command(s):/usr/bin/gmake -f Makefile cmTC_b7821/fast && gmake[1]: Entering directory '/home/wenhu/mlir-learning/build/CMakeFiles/CMakeTmp'
/usr/bin/gmake  -f CMakeFiles/cmTC_b7821.dir/build.make CMakeFiles/cmTC_b7821.dir/build
gmake[2]: Entering directory '/home/wenhu/mlir-learning/build/CMakeFiles/CMakeTmp'
Building C object CMakeFiles/cmTC_b7821.dir/src.c.o
/usr/bin/cc -DC_SUPPORTS_FPIC  -Werror -fPIC -o CMakeFiles/cmTC_b7821.dir/src.c.o -c /home/wenhu/mlir-learning/build/CMakeFiles/CMakeTmp/src.c
Linking C executable cmTC_b7821
/usr/bin/cmake -E cmake_link_script CMakeFiles/cmTC_b7821.dir/link.txt --verbose=1
/usr/bin/cc CMakeFiles/cmTC_b7821.dir/src.c.o -o cmTC_b7821 
gmake[2]: Leaving directory '/home/wenhu/mlir-learning/build/CMakeFiles/CMakeTmp'
gmake[1]: Leaving directory '/home/wenhu/mlir-learning/build/CMakeFiles/CMakeTmp'


Source file was:
int main(void) { return 0; }
Performing C++ SOURCE FILE Test CXX_SUPPORTS_FPIC succeeded with the following output:
Change Dir: /home/wenhu/mlir-learning/build/CMakeFiles/CMakeTmp

Run Build Command(s):/usr/bin/gmake -f Makefile cmTC_56c92/fast && gmake[1]: Entering directory '/home/wenhu/mlir-learning/build/CMakeFiles/CMakeTmp'
/usr/bin/gmake  -f CMakeFiles/cmTC_56c92.dir/build.make CMakeFiles/cmTC_56c92.dir/build
gmake[2]: Entering directory '/home/wenhu/mlir-learning/build/CMakeFiles/CMakeTmp'
Building CXX object CMakeFiles/cmTC_56c92.dir/src.cxx.o
/usr/bin/c++ -DCXX_SUPPORTS_FPIC  -Werror -fPIC -std=gnu++17 -o CMakeFiles/cmTC_56c92.dir/src.cxx.o -c /home/wenhu/mlir-learning/build/CMakeFiles/CMakeTmp/src.cxx
Linking CXX executable cmTC_56c92
/usr/bin/cmake -E cmake_link_script CMakeFiles/cmTC_56c92.dir/link.txt --verbose=1
/usr/bin/c++ CMakeFiles/cmTC_56c92.dir/src.cxx.o -o cmTC_56c92 
gmake[2]: Leaving directory '/home/wenhu/mlir-learning/build/CMakeFiles/CMakeTmp'
gmake[1]: Leaving directory '/home/wenhu/mlir-learning/build/CMakeFiles/CMakeTmp'


Source file was:
int main() { return 0; }
Performing C SOURCE FILE Test C_SUPPORTS_FNO_SEMANTIC_INTERPOSITION succeeded with the following output:
Change Dir: /home/wenhu/mlir-learning/build/CMakeFiles/CMakeTmp

Run Build Command(s):/usr/bin/gmake -f Makefile cmTC_34aef/fast && gmake[1]: Entering directory '/home/wenhu/mlir-learning/build/CMakeFiles/CMakeTmp'
/usr/bin/gmake  -f CMakeFiles/cmTC_34aef.dir/build.make CMakeFiles/cmTC_34aef.dir/build
gmake[2]: Entering directory '/home/wenhu/mlir-learning/build/CMakeFiles/CMakeTmp'
Building C object CMakeFiles/cmTC_34aef.dir/src.c.o
/usr/bin/cc -DC_SUPPORTS_FNO_SEMANTIC_INTERPOSITION  -fPIC    -Werror -fno-semantic-interposition -o CMakeFiles/cmTC_34aef.dir/src.c.o -c /home/wenhu/mlir-learning/build/CMakeFiles/CMakeTmp/src.c
Linking C executable cmTC_34aef
/usr/bin/cmake -E cmake_link_script CMakeFiles/cmTC_34aef.dir/link.txt --verbose=1
/usr/bin/cc  -fPIC  CMakeFiles/cmTC_34aef.dir/src.c.o -o cmTC_34aef 
gmake[2]: Leaving directory '/home/wenhu/mlir-learning/build/CMakeFiles/CMakeTmp'
gmake[1]: Leaving directory '/home/wenhu/mlir-learning/build/CMakeFiles/CMakeTmp'


Source file was:
int main(void) { return 0; }
Performing C++ SOURCE FILE Test CXX_SUPPORTS_FNO_SEMANTIC_INTERPOSITION succeeded with the following output:
Change Dir: /home/wenhu/mlir-learning/build/CMakeFiles/CMakeTmp

Run Build Command(s):/usr/bin/gmake -f Makefile cmTC_41fd5/fast && gmake[1]: Entering directory '/home/wenhu/mlir-learning/build/CMakeFiles/CMakeTmp'
/usr/bin/gmake  -f CMakeFiles/cmTC_41fd5.dir/build.make CMakeFiles/cmTC_41fd5.dir/build
gmake[2]: Entering directory '/home/wenhu/mlir-learning/build/CMakeFiles/CMakeTmp'
Building CXX object CMakeFiles/cmTC_41fd5.dir/src.cxx.o
/usr/bin/c++ -DCXX_SUPPORTS_FNO_SEMANTIC_INTERPOSITION  -fPIC    -Werror -fno-semantic-interposition -std=gnu++17 -o CMakeFiles/cmTC_41fd5.dir/src.cxx.o -c /home/wenhu/mlir-learning/build/CMakeFiles/CMakeTmp/src.cxx
Linking CXX executable cmTC_41fd5
/usr/bin/cmake -E cmake_link_script CMakeFiles/cmTC_41fd5.dir/link.txt --verbose=1
/usr/bin/c++  -fPIC  CMakeFiles/cmTC_41fd5.dir/src.cxx.o -o cmTC_41fd5 
gmake[2]: Leaving directory '/home/wenhu/mlir-learning/build/CMakeFiles/CMakeTmp'
gmake[1]: Leaving directory '/home/wenhu/mlir-learning/build/CMakeFiles/CMakeTmp'


Source file was:
int main() { return 0; }
Performing C++ SOURCE FILE Test SUPPORTS_FVISIBILITY_INLINES_HIDDEN_FLAG succeeded with the following output:
Change Dir: /home/wenhu/mlir-learning/build/CMakeFiles/CMakeTmp

Run Build Command(s):/usr/bin/gmake -f Makefile cmTC_036e1/fast && gmake[1]: Entering directory '/home/wenhu/mlir-learning/build/CMakeFiles/CMakeTmp'
/usr/bin/gmake  -f CMakeFiles/cmTC_036e1.dir/build.make CMakeFiles/cmTC_036e1.dir/build
gmake[2]: Entering directory '/home/wenhu/mlir-learning/build/CMakeFiles/CMakeTmp'
Building CXX object CMakeFiles/cmTC_036e1.dir/src.cxx.o
/usr/bin/c++ -DSUPPORTS_FVISIBILITY_INLINES_HIDDEN_FLAG  -fPIC -fno-semantic-interposition    -fvisibility-inlines-hidden -std=gnu++17 -o CMakeFiles/cmTC_036e1.dir/src.cxx.o -c /home/wenhu/mlir-learning/build/CMakeFiles/CMakeTmp/src.cxx
Linking CXX executable cmTC_036e1
/usr/bin/cmake -E cmake_link_script CMakeFiles/cmTC_036e1.dir/link.txt --verbose=1
/usr/bin/c++  -fPIC -fno-semantic-interposition  CMakeFiles/cmTC_036e1.dir/src.cxx.o -o cmTC_036e1 
gmake[2]: Leaving directory '/home/wenhu/mlir-learning/build/CMakeFiles/CMakeTmp'
gmake[1]: Leaving directory '/home/wenhu/mlir-learning/build/CMakeFiles/CMakeTmp'


Source file was:
int main() { return 0; }
Performing C SOURCE FILE Test C_SUPPORTS_WERROR_DATE_TIME succeeded with the following output:
Change Dir: /home/wenhu/mlir-learning/build/CMakeFiles/CMakeTmp

Run Build Command(s):/usr/bin/gmake -f Makefile cmTC_7a7e8/fast && gmake[1]: Entering directory '/home/wenhu/mlir-learning/build/CMakeFiles/CMakeTmp'
/usr/bin/gmake  -f CMakeFiles/cmTC_7a7e8.dir/build.make CMakeFiles/cmTC_7a7e8.dir/build
gmake[2]: Entering directory '/home/wenhu/mlir-learning/build/CMakeFiles/CMakeTmp'
Building C object CMakeFiles/cmTC_7a7e8.dir/src.c.o
/usr/bin/cc -DC_SUPPORTS_WERROR_DATE_TIME  -fPIC -fno-semantic-interposition    -Werror -Werror=date-time -o CMakeFiles/cmTC_7a7e8.dir/src.c.o -c /home/wenhu/mlir-learning/build/CMakeFiles/CMakeTmp/src.c
Linking C executable cmTC_7a7e8
/usr/bin/cmake -E cmake_link_script CMakeFiles/cmTC_7a7e8.dir/link.txt --verbose=1
/usr/bin/cc  -fPIC -fno-semantic-interposition  CMakeFiles/cmTC_7a7e8.dir/src.c.o -o cmTC_7a7e8 
gmake[2]: Leaving directory '/home/wenhu/mlir-learning/build/CMakeFiles/CMakeTmp'
gmake[1]: Leaving directory '/home/wenhu/mlir-learning/build/CMakeFiles/CMakeTmp'


Source file was:
int main(void) { return 0; }
Performing C++ SOURCE FILE Test CXX_SUPPORTS_WERROR_DATE_TIME succeeded with the following output:
Change Dir: /home/wenhu/mlir-learning/build/CMakeFiles/CMakeTmp

Run Build Command(s):/usr/bin/gmake -f Makefile cmTC_458bd/fast && gmake[1]: Entering directory '/home/wenhu/mlir-learning/build/CMakeFiles/CMakeTmp'
/usr/bin/gmake  -f CMakeFiles/cmTC_458bd.dir/build.make CMakeFiles/cmTC_458bd.dir/build
gmake[2]: Entering directory '/home/wenhu/mlir-learning/build/CMakeFiles/CMakeTmp'
Building CXX object CMakeFiles/cmTC_458bd.dir/src.cxx.o
/usr/bin/c++ -DCXX_SUPPORTS_WERROR_DATE_TIME  -fPIC -fno-semantic-interposition -fvisibility-inlines-hidden    -Werror -Werror=date-time -std=gnu++17 -o CMakeFiles/cmTC_458bd.dir/src.cxx.o -c /home/wenhu/mlir-learning/build/CMakeFiles/CMakeTmp/src.cxx
Linking CXX executable cmTC_458bd
/usr/bin/cmake -E cmake_link_script CMakeFiles/cmTC_458bd.dir/link.txt --verbose=1
/usr/bin/c++  -fPIC -fno-semantic-interposition -fvisibility-inlines-hidden  CMakeFiles/cmTC_458bd.dir/src.cxx.o -o cmTC_458bd 
gmake[2]: Leaving directory '/home/wenhu/mlir-learning/build/CMakeFiles/CMakeTmp'
gmake[1]: Leaving directory '/home/wenhu/mlir-learning/build/CMakeFiles/CMakeTmp'


Source file was:
int main() { return 0; }
Performing C SOURCE FILE Test C_SUPPORTS_CMAKE_CXX_FLAGS succeeded with the following output:
Change Dir: /home/wenhu/mlir-learning/build/CMakeFiles/CMakeTmp

Run Build Command(s):/usr/bin/gmake -f Makefile cmTC_9520c/fast && gmake[1]: Entering directory '/home/wenhu/mlir-learning/build/CMakeFiles/CMakeTmp'
/usr/bin/gmake  -f CMakeFiles/cmTC_9520c.dir/build.make CMakeFiles/cmTC_9520c.dir/build
gmake[2]: Entering directory '/home/wenhu/mlir-learning/build/CMakeFiles/CMakeTmp'
Building C object CMakeFiles/cmTC_9520c.dir/src.c.o
/usr/bin/cc -DC_SUPPORTS_CMAKE_CXX_FLAGS  -fPIC -fno-semantic-interposition -Werror=date-time    -Werror -fno-lifetime-dse -o CMakeFiles/cmTC_9520c.dir/src.c.o -c /home/wenhu/mlir-learning/build/CMakeFiles/CMakeTmp/src.c
Linking C executable cmTC_9520c
/usr/bin/cmake -E cmake_link_script CMakeFiles/cmTC_9520c.dir/link.txt --verbose=1
/usr/bin/cc  -fPIC -fno-semantic-interposition -Werror=date-time  CMakeFiles/cmTC_9520c.dir/src.c.o -o cmTC_9520c 
gmake[2]: Leaving directory '/home/wenhu/mlir-learning/build/CMakeFiles/CMakeTmp'
gmake[1]: Leaving directory '/home/wenhu/mlir-learning/build/CMakeFiles/CMakeTmp'


Source file was:
int main(void) { return 0; }
Performing C++ SOURCE FILE Test CXX_SUPPORTS_CMAKE_CXX_FLAGS succeeded with the following output:
Change Dir: /home/wenhu/mlir-learning/build/CMakeFiles/CMakeTmp

Run Build Command(s):/usr/bin/gmake -f Makefile cmTC_a1d3e/fast && gmake[1]: Entering directory '/home/wenhu/mlir-learning/build/CMakeFiles/CMakeTmp'
/usr/bin/gmake  -f CMakeFiles/cmTC_a1d3e.dir/build.make CMakeFiles/cmTC_a1d3e.dir/build
gmake[2]: Entering directory '/home/wenhu/mlir-learning/build/CMakeFiles/CMakeTmp'
Building CXX object CMakeFiles/cmTC_a1d3e.dir/src.cxx.o
/usr/bin/c++ -DCXX_SUPPORTS_CMAKE_CXX_FLAGS  -fPIC -fno-semantic-interposition -fvisibility-inlines-hidden -Werror=date-time    -Werror -fno-lifetime-dse -std=gnu++17 -o CMakeFiles/cmTC_a1d3e.dir/src.cxx.o -c /home/wenhu/mlir-learning/build/CMakeFiles/CMakeTmp/src.cxx
Linking CXX executable cmTC_a1d3e
/usr/bin/cmake -E cmake_link_script CMakeFiles/cmTC_a1d3e.dir/link.txt --verbose=1
/usr/bin/c++  -fPIC -fno-semantic-interposition -fvisibility-inlines-hidden -Werror=date-time  CMakeFiles/cmTC_a1d3e.dir/src.cxx.o -o cmTC_a1d3e 
gmake[2]: Leaving directory '/home/wenhu/mlir-learning/build/CMakeFiles/CMakeTmp'
gmake[1]: Leaving directory '/home/wenhu/mlir-learning/build/CMakeFiles/CMakeTmp'


Source file was:
int main() { return 0; }
Performing C++ SOURCE FILE Test CXX_SUPPORTS_MISSING_FIELD_INITIALIZERS_FLAG succeeded with the following output:
Change Dir: /home/wenhu/mlir-learning/build/CMakeFiles/CMakeTmp

Run Build Command(s):/usr/bin/gmake -f Makefile cmTC_a21a8/fast && gmake[1]: Entering directory '/home/wenhu/mlir-learning/build/CMakeFiles/CMakeTmp'
/usr/bin/gmake  -f CMakeFiles/cmTC_a21a8.dir/build.make CMakeFiles/cmTC_a21a8.dir/build
gmake[2]: Entering directory '/home/wenhu/mlir-learning/build/CMakeFiles/CMakeTmp'
Building CXX object CMakeFiles/cmTC_a21a8.dir/src.cxx.o
/usr/bin/c++ -DCXX_SUPPORTS_MISSING_FIELD_INITIALIZERS_FLAG  -fPIC -fno-semantic-interposition -fvisibility-inlines-hidden -Werror=date-time -fno-lifetime-dse -Wall -Wextra -Wno-unused-parameter -Wwrite-strings -Wcast-qual    -Wmissing-field-initializers -std=gnu++17 -o CMakeFiles/cmTC_a21a8.dir/src.cxx.o -c /home/wenhu/mlir-learning/build/CMakeFiles/CMakeTmp/src.cxx
Linking CXX executable cmTC_a21a8
/usr/bin/cmake -E cmake_link_script CMakeFiles/cmTC_a21a8.dir/link.txt --verbose=1
/usr/bin/c++  -fPIC -fno-semantic-interposition -fvisibility-inlines-hidden -Werror=date-time -fno-lifetime-dse -Wall -Wextra -Wno-unused-parameter -Wwrite-strings -Wcast-qual  CMakeFiles/cmTC_a21a8.dir/src.cxx.o -o cmTC_a21a8 
gmake[2]: Leaving directory '/home/wenhu/mlir-learning/build/CMakeFiles/CMakeTmp'
gmake[1]: Leaving directory '/home/wenhu/mlir-learning/build/CMakeFiles/CMakeTmp'


Source file was:
int main() { return 0; }
Performing C SOURCE FILE Test C_SUPPORTS_IMPLICIT_FALLTHROUGH_FLAG succeeded with the following output:
Change Dir: /home/wenhu/mlir-learning/build/CMakeFiles/CMakeTmp

Run Build Command(s):/usr/bin/gmake -f Makefile cmTC_f7f98/fast && gmake[1]: Entering directory '/home/wenhu/mlir-learning/build/CMakeFiles/CMakeTmp'
/usr/bin/gmake  -f CMakeFiles/cmTC_f7f98.dir/build.make CMakeFiles/cmTC_f7f98.dir/build
gmake[2]: Entering directory '/home/wenhu/mlir-learning/build/CMakeFiles/CMakeTmp'
Building C object CMakeFiles/cmTC_f7f98.dir/src.c.o
/usr/bin/cc -DC_SUPPORTS_IMPLICIT_FALLTHROUGH_FLAG  -fPIC -fno-semantic-interposition -Werror=date-time -fno-lifetime-dse -Wall -Wextra -Wno-unused-parameter -Wwrite-strings -Wcast-qual -Wno-missing-field-initializers    -Werror -Wimplicit-fallthrough -o CMakeFiles/cmTC_f7f98.dir/src.c.o -c /home/wenhu/mlir-learning/build/CMakeFiles/CMakeTmp/src.c
Linking C executable cmTC_f7f98
/usr/bin/cmake -E cmake_link_script CMakeFiles/cmTC_f7f98.dir/link.txt --verbose=1
/usr/bin/cc  -fPIC -fno-semantic-interposition -Werror=date-time -fno-lifetime-dse -Wall -Wextra -Wno-unused-parameter -Wwrite-strings -Wcast-qual -Wno-missing-field-initializers  CMakeFiles/cmTC_f7f98.dir/src.c.o -o cmTC_f7f98 
gmake[2]: Leaving directory '/home/wenhu/mlir-learning/build/CMakeFiles/CMakeTmp'
gmake[1]: Leaving directory '/home/wenhu/mlir-learning/build/CMakeFiles/CMakeTmp'


Source file was:
int main(void) { return 0; }
Performing C++ SOURCE FILE Test CXX_SUPPORTS_IMPLICIT_FALLTHROUGH_FLAG succeeded with the following output:
Change Dir: /home/wenhu/mlir-learning/build/CMakeFiles/CMakeTmp

Run Build Command(s):/usr/bin/gmake -f Makefile cmTC_9d782/fast && gmake[1]: Entering directory '/home/wenhu/mlir-learning/build/CMakeFiles/CMakeTmp'
/usr/bin/gmake  -f CMakeFiles/cmTC_9d782.dir/build.make CMakeFiles/cmTC_9d782.dir/build
gmake[2]: Entering directory '/home/wenhu/mlir-learning/build/CMakeFiles/CMakeTmp'
Building CXX object CMakeFiles/cmTC_9d782.dir/src.cxx.o
/usr/bin/c++ -DCXX_SUPPORTS_IMPLICIT_FALLTHROUGH_FLAG  -fPIC -fno-semantic-interposition -fvisibility-inlines-hidden -Werror=date-time -fno-lifetime-dse -Wall -Wextra -Wno-unused-parameter -Wwrite-strings -Wcast-qual -Wno-missing-field-initializers    -Werror -Wimplicit-fallthrough -std=gnu++17 -o CMakeFiles/cmTC_9d782.dir/src.cxx.o -c /home/wenhu/mlir-learning/build/CMakeFiles/CMakeTmp/src.cxx
Linking CXX executable cmTC_9d782
/usr/bin/cmake -E cmake_link_script CMakeFiles/cmTC_9d782.dir/link.txt --verbose=1
/usr/bin/c++  -fPIC -fno-semantic-interposition -fvisibility-inlines-hidden -Werror=date-time -fno-lifetime-dse -Wall -Wextra -Wno-unused-parameter -Wwrite-strings -Wcast-qual -Wno-missing-field-initializers  CMakeFiles/cmTC_9d782.dir/src.cxx.o -o cmTC_9d782 
gmake[2]: Leaving directory '/home/wenhu/mlir-learning/build/CMakeFiles/CMakeTmp'
gmake[1]: Leaving directory '/home/wenhu/mlir-learning/build/CMakeFiles/CMakeTmp'


Source file was:
int main() { return 0; }
Performing C++ SOURCE FILE Test CXX_SUPPORTS_CLASS_MEMACCESS_FLAG succeeded with the following output:
Change Dir: /home/wenhu/mlir-learning/build/CMakeFiles/CMakeTmp

Run Build Command(s):/usr/bin/gmake -f Makefile cmTC_b7b1f/fast && gmake[1]: Entering directory '/home/wenhu/mlir-learning/build/CMakeFiles/CMakeTmp'
/usr/bin/gmake  -f CMakeFiles/cmTC_b7b1f.dir/build.make CMakeFiles/cmTC_b7b1f.dir/build
gmake[2]: Entering directory '/home/wenhu/mlir-learning/build/CMakeFiles/CMakeTmp'
Building CXX object CMakeFiles/cmTC_b7b1f.dir/src.cxx.o
/usr/bin/c++ -DCXX_SUPPORTS_CLASS_MEMACCESS_FLAG  -fPIC -fno-semantic-interposition -fvisibility-inlines-hidden -Werror=date-time -fno-lifetime-dse -Wall -Wextra -Wno-unused-parameter -Wwrite-strings -Wcast-qual -Wno-missing-field-initializers -Wimplicit-fallthrough -Wno-nonnull    -Wclass-memaccess -std=gnu++17 -o CMakeFiles/cmTC_b7b1f.dir/src.cxx.o -c /home/wenhu/mlir-learning/build/CMakeFiles/CMakeTmp/src.cxx
Linking CXX executable cmTC_b7b1f
/usr/bin/cmake -E cmake_link_script CMakeFiles/cmTC_b7b1f.dir/link.txt --verbose=1
/usr/bin/c++  -fPIC -fno-semantic-interposition -fvisibility-inlines-hidden -Werror=date-time -fno-lifetime-dse -Wall -Wextra -Wno-unused-parameter -Wwrite-strings -Wcast-qual -Wno-missing-field-initializers -Wimplicit-fallthrough -Wno-nonnull  CMakeFiles/cmTC_b7b1f.dir/src.cxx.o -o cmTC_b7b1f 
gmake[2]: Leaving directory '/home/wenhu/mlir-learning/build/CMakeFiles/CMakeTmp'
gmake[1]: Leaving directory '/home/wenhu/mlir-learning/build/CMakeFiles/CMakeTmp'


Source file was:
int main() { return 0; }
Performing C++ SOURCE FILE Test CXX_SUPPORTS_REDUNDANT_MOVE_FLAG succeeded with the following output:
Change Dir: /home/wenhu/mlir-learning/build/CMakeFiles/CMakeTmp

Run Build Command(s):/usr/bin/gmake -f Makefile cmTC_8dd07/fast && gmake[1]: Entering directory '/home/wenhu/mlir-learning/build/CMakeFiles/CMakeTmp'
/usr/bin/gmake  -f CMakeFiles/cmTC_8dd07.dir/build.make CMakeFiles/cmTC_8dd07.dir/build
gmake[2]: Entering directory '/home/wenhu/mlir-learning/build/CMakeFiles/CMakeTmp'
Building CXX object CMakeFiles/cmTC_8dd07.dir/src.cxx.o
/usr/bin/c++ -DCXX_SUPPORTS_REDUNDANT_MOVE_FLAG  -fPIC -fno-semantic-interposition -fvisibility-inlines-hidden -Werror=date-time -fno-lifetime-dse -Wall -Wextra -Wno-unused-parameter -Wwrite-strings -Wcast-qual -Wno-missing-field-initializers -Wimplicit-fallthrough -Wno-nonnull -Wno-class-memaccess    -Wredundant-move -std=gnu++17 -o CMakeFiles/cmTC_8dd07.dir/src.cxx.o -c /home/wenhu/mlir-learning/build/CMakeFiles/CMakeTmp/src.cxx
Linking CXX executable cmTC_8dd07
/usr/bin/cmake -E cmake_link_script CMakeFiles/cmTC_8dd07.dir/link.txt --verbose=1
/usr/bin/c++  -fPIC -fno-semantic-interposition -fvisibility-inlines-hidden -Werror=date-time -fno-lifetime-dse -Wall -Wextra -Wno-unused-parameter -Wwrite-strings -Wcast-qual -Wno-missing-field-initializers -Wimplicit-fallthrough -Wno-nonnull -Wno-class-memaccess  CMakeFiles/cmTC_8dd07.dir/src.cxx.o -o cmTC_8dd07 
gmake[2]: Leaving directory '/home/wenhu/mlir-learning/build/CMakeFiles/CMakeTmp'
gmake[1]: Leaving directory '/home/wenhu/mlir-learning/build/CMakeFiles/CMakeTmp'


Source file was:
int main() { return 0; }
Performing C++ SOURCE FILE Test CXX_SUPPORTS_PESSIMIZING_MOVE_FLAG succeeded with the following output:
Change Dir: /home/wenhu/mlir-learning/build/CMakeFiles/CMakeTmp

Run Build Command(s):/usr/bin/gmake -f Makefile cmTC_e5280/fast && gmake[1]: Entering directory '/home/wenhu/mlir-learning/build/CMakeFiles/CMakeTmp'
/usr/bin/gmake  -f CMakeFiles/cmTC_e5280.dir/build.make CMakeFiles/cmTC_e5280.dir/build
gmake[2]: Entering directory '/home/wenhu/mlir-learning/build/CMakeFiles/CMakeTmp'
Building CXX object CMakeFiles/cmTC_e5280.dir/src.cxx.o
/usr/bin/c++ -DCXX_SUPPORTS_PESSIMIZING_MOVE_FLAG  -fPIC -fno-semantic-interposition -fvisibility-inlines-hidden -Werror=date-time -fno-lifetime-dse -Wall -Wextra -Wno-unused-parameter -Wwrite-strings -Wcast-qual -Wno-missing-field-initializers -Wimplicit-fallthrough -Wno-nonnull -Wno-class-memaccess -Wno-redundant-move    -Wpessimizing-move -std=gnu++17 -o CMakeFiles/cmTC_e5280.dir/src.cxx.o -c /home/wenhu/mlir-learning/build/CMakeFiles/CMakeTmp/src.cxx
Linking CXX executable cmTC_e5280
/usr/bin/cmake -E cmake_link_script CMakeFiles/cmTC_e5280.dir/link.txt --verbose=1
/usr/bin/c++  -fPIC -fno-semantic-interposition -fvisibility-inlines-hidden -Werror=date-time -fno-lifetime-dse -Wall -Wextra -Wno-unused-parameter -Wwrite-strings -Wcast-qual -Wno-missing-field-initializers -Wimplicit-fallthrough -Wno-nonnull -Wno-class-memaccess -Wno-redundant-move  CMakeFiles/cmTC_e5280.dir/src.cxx.o -o cmTC_e5280 
gmake[2]: Leaving directory '/home/wenhu/mlir-learning/build/CMakeFiles/CMakeTmp'
gmake[1]: Leaving directory '/home/wenhu/mlir-learning/build/CMakeFiles/CMakeTmp'


Source file was:
int main() { return 0; }
Performing C++ SOURCE FILE Test CXX_SUPPORTS_NOEXCEPT_TYPE_FLAG succeeded with the following output:
Change Dir: /home/wenhu/mlir-learning/build/CMakeFiles/CMakeTmp

Run Build Command(s):/usr/bin/gmake -f Makefile cmTC_20070/fast && gmake[1]: Entering directory '/home/wenhu/mlir-learning/build/CMakeFiles/CMakeTmp'
/usr/bin/gmake  -f CMakeFiles/cmTC_20070.dir/build.make CMakeFiles/cmTC_20070.dir/build
gmake[2]: Entering directory '/home/wenhu/mlir-learning/build/CMakeFiles/CMakeTmp'
Building CXX object CMakeFiles/cmTC_20070.dir/src.cxx.o
/usr/bin/c++ -DCXX_SUPPORTS_NOEXCEPT_TYPE_FLAG  -fPIC -fno-semantic-interposition -fvisibility-inlines-hidden -Werror=date-time -fno-lifetime-dse -Wall -Wextra -Wno-unused-parameter -Wwrite-strings -Wcast-qual -Wno-missing-field-initializers -Wimplicit-fallthrough -Wno-nonnull -Wno-class-memaccess -Wno-redundant-move -Wno-pessimizing-move    -Wnoexcept-type -std=gnu++17 -o CMakeFiles/cmTC_20070.dir/src.cxx.o -c /home/wenhu/mlir-learning/build/CMakeFiles/CMakeTmp/src.cxx
Linking CXX executable cmTC_20070
/usr/bin/cmake -E cmake_link_script CMakeFiles/cmTC_20070.dir/link.txt --verbose=1
/usr/bin/c++  -fPIC -fno-semantic-interposition -fvisibility-inlines-hidden -Werror=date-time -fno-lifetime-dse -Wall -Wextra -Wno-unused-parameter -Wwrite-strings -Wcast-qual -Wno-missing-field-initializers -Wimplicit-fallthrough -Wno-nonnull -Wno-class-memaccess -Wno-redundant-move -Wno-pessimizing-move  CMakeFiles/cmTC_20070.dir/src.cxx.o -o cmTC_20070 
gmake[2]: Leaving directory '/home/wenhu/mlir-learning/build/CMakeFiles/CMakeTmp'
gmake[1]: Leaving directory '/home/wenhu/mlir-learning/build/CMakeFiles/CMakeTmp'


Source file was:
int main() { return 0; }
Performing C++ SOURCE FILE Test CXX_SUPPORTS_SUGGEST_OVERRIDE_FLAG succeeded with the following output:
Change Dir: /home/wenhu/mlir-learning/build/CMakeFiles/CMakeTmp

Run Build Command(s):/usr/bin/gmake -f Makefile cmTC_35422/fast && gmake[1]: Entering directory '/home/wenhu/mlir-learning/build/CMakeFiles/CMakeTmp'
/usr/bin/gmake  -f CMakeFiles/cmTC_35422.dir/build.make CMakeFiles/cmTC_35422.dir/build
gmake[2]: Entering directory '/home/wenhu/mlir-learning/build/CMakeFiles/CMakeTmp'
Building CXX object CMakeFiles/cmTC_35422.dir/src.cxx.o
/usr/bin/c++ -DCXX_SUPPORTS_SUGGEST_OVERRIDE_FLAG  -fPIC -fno-semantic-interposition -fvisibility-inlines-hidden -Werror=date-time -fno-lifetime-dse -Wall -Wextra -Wno-unused-parameter -Wwrite-strings -Wcast-qual -Wno-missing-field-initializers -Wimplicit-fallthrough -Wno-nonnull -Wno-class-memaccess -Wno-redundant-move -Wno-pessimizing-move -Wno-noexcept-type -Wdelete-non-virtual-dtor    -Wsuggest-override -std=gnu++17 -o CMakeFiles/cmTC_35422.dir/src.cxx.o -c /home/wenhu/mlir-learning/build/CMakeFiles/CMakeTmp/src.cxx
Linking CXX executable cmTC_35422
/usr/bin/cmake -E cmake_link_script CMakeFiles/cmTC_35422.dir/link.txt --verbose=1
/usr/bin/c++  -fPIC -fno-semantic-interposition -fvisibility-inlines-hidden -Werror=date-time -fno-lifetime-dse -Wall -Wextra -Wno-unused-parameter -Wwrite-strings -Wcast-qual -Wno-missing-field-initializers -Wimplicit-fallthrough -Wno-nonnull -Wno-class-memaccess -Wno-redundant-move -Wno-pessimizing-move -Wno-noexcept-type -Wdelete-non-virtual-dtor  CMakeFiles/cmTC_35422.dir/src.cxx.o -o cmTC_35422 
gmake[2]: Leaving directory '/home/wenhu/mlir-learning/build/CMakeFiles/CMakeTmp'
gmake[1]: Leaving directory '/home/wenhu/mlir-learning/build/CMakeFiles/CMakeTmp'


Source file was:
int main() { return 0; }
Performing C++ SOURCE FILE Test CXX_WSUGGEST_OVERRIDE_ALLOWS_ONLY_FINAL succeeded with the following output:
Change Dir: /home/wenhu/mlir-learning/build/CMakeFiles/CMakeTmp

Run Build Command(s):/usr/bin/gmake -f Makefile cmTC_89e0f/fast && gmake[1]: Entering directory '/home/wenhu/mlir-learning/build/CMakeFiles/CMakeTmp'
/usr/bin/gmake  -f CMakeFiles/cmTC_89e0f.dir/build.make CMakeFiles/cmTC_89e0f.dir/build
gmake[2]: Entering directory '/home/wenhu/mlir-learning/build/CMakeFiles/CMakeTmp'
Building CXX object CMakeFiles/cmTC_89e0f.dir/src.cxx.o
/usr/bin/c++ -DCXX_WSUGGEST_OVERRIDE_ALLOWS_ONLY_FINAL  -fPIC -fno-semantic-interposition -fvisibility-inlines-hidden -Werror=date-time -fno-lifetime-dse -Wall -Wextra -Wno-unused-parameter -Wwrite-strings -Wcast-qual -Wno-missing-field-initializers -Wimplicit-fallthrough -Wno-nonnull -Wno-class-memaccess -Wno-redundant-move -Wno-pessimizing-move -Wno-noexcept-type -Wdelete-non-virtual-dtor  -Werror=suggest-override -std=gnu++17 -o CMakeFiles/cmTC_89e0f.dir/src.cxx.o -c /home/wenhu/mlir-learning/build/CMakeFiles/CMakeTmp/src.cxx
Linking CXX executable cmTC_89e0f
/usr/bin/cmake -E cmake_link_script CMakeFiles/cmTC_89e0f.dir/link.txt --verbose=1
/usr/bin/c++  -fPIC -fno-semantic-interposition -fvisibility-inlines-hidden -Werror=date-time -fno-lifetime-dse -Wall -Wextra -Wno-unused-parameter -Wwrite-strings -Wcast-qual -Wno-missing-field-initializers -Wimplicit-fallthrough -Wno-nonnull -Wno-class-memaccess -Wno-redundant-move -Wno-pessimizing-move -Wno-noexcept-type -Wdelete-non-virtual-dtor  -Werror=suggest-override CMakeFiles/cmTC_89e0f.dir/src.cxx.o -o cmTC_89e0f 
gmake[2]: Leaving directory '/home/wenhu/mlir-learning/build/CMakeFiles/CMakeTmp'
gmake[1]: Leaving directory '/home/wenhu/mlir-learning/build/CMakeFiles/CMakeTmp'


Source file was:
class base {public: virtual void anchor();};
                               class derived : base {public: void anchor() final;};
                               int main() { return 0; }
Performing C++ SOURCE FILE Test CXX_SUPPORTS_MISLEADING_INDENTATION_FLAG succeeded with the following output:
Change Dir: /home/wenhu/mlir-learning/build/CMakeFiles/CMakeTmp

Run Build Command(s):/usr/bin/gmake -f Makefile cmTC_8bc6d/fast && gmake[1]: Entering directory '/home/wenhu/mlir-learning/build/CMakeFiles/CMakeTmp'
/usr/bin/gmake  -f CMakeFiles/cmTC_8bc6d.dir/build.make CMakeFiles/cmTC_8bc6d.dir/build
gmake[2]: Entering directory '/home/wenhu/mlir-learning/build/CMakeFiles/CMakeTmp'
Building CXX object CMakeFiles/cmTC_8bc6d.dir/src.cxx.o
/usr/bin/c++ -DCXX_SUPPORTS_MISLEADING_INDENTATION_FLAG  -fPIC -fno-semantic-interposition -fvisibility-inlines-hidden -Werror=date-time -fno-lifetime-dse -Wall -Wextra -Wno-unused-parameter -Wwrite-strings -Wcast-qual -Wno-missing-field-initializers -Wimplicit-fallthrough -Wno-nonnull -Wno-class-memaccess -Wno-redundant-move -Wno-pessimizing-move -Wno-noexcept-type -Wdelete-non-virtual-dtor -Wsuggest-override -Wno-comment    -Wmisleading-indentation -std=gnu++17 -o CMakeFiles/cmTC_8bc6d.dir/src.cxx.o -c /home/wenhu/mlir-learning/build/CMakeFiles/CMakeTmp/src.cxx
Linking CXX executable cmTC_8bc6d
/usr/bin/cmake -E cmake_link_script CMakeFiles/cmTC_8bc6d.dir/link.txt --verbose=1
/usr/bin/c++  -fPIC -fno-semantic-interposition -fvisibility-inlines-hidden -Werror=date-time -fno-lifetime-dse -Wall -Wextra -Wno-unused-parameter -Wwrite-strings -Wcast-qual -Wno-missing-field-initializers -Wimplicit-fallthrough -Wno-nonnull -Wno-class-memaccess -Wno-redundant-move -Wno-pessimizing-move -Wno-noexcept-type -Wdelete-non-virtual-dtor -Wsuggest-override -Wno-comment  CMakeFiles/cmTC_8bc6d.dir/src.cxx.o -o cmTC_8bc6d 
gmake[2]: Leaving directory '/home/wenhu/mlir-learning/build/CMakeFiles/CMakeTmp'
gmake[1]: Leaving directory '/home/wenhu/mlir-learning/build/CMakeFiles/CMakeTmp'


Source file was:
int main() { return 0; }
Performing C++ SOURCE FILE Test CXX_SUPPORTS_CTAD_MAYBE_UNSPPORTED_FLAG succeeded with the following output:
Change Dir: /home/wenhu/mlir-learning/build/CMakeFiles/CMakeTmp

Run Build Command(s):/usr/bin/gmake -f Makefile cmTC_978e4/fast && gmake[1]: Entering directory '/home/wenhu/mlir-learning/build/CMakeFiles/CMakeTmp'
/usr/bin/gmake  -f CMakeFiles/cmTC_978e4.dir/build.make CMakeFiles/cmTC_978e4.dir/build
gmake[2]: Entering directory '/home/wenhu/mlir-learning/build/CMakeFiles/CMakeTmp'
Building CXX object CMakeFiles/cmTC_978e4.dir/src.cxx.o
/usr/bin/c++ -DCXX_SUPPORTS_CTAD_MAYBE_UNSPPORTED_FLAG  -fPIC -fno-semantic-interposition -fvisibility-inlines-hidden -Werror=date-time -fno-lifetime-dse -Wall -Wextra -Wno-unused-parameter -Wwrite-strings -Wcast-qual -Wno-missing-field-initializers -Wimplicit-fallthrough -Wno-nonnull -Wno-class-memaccess -Wno-redundant-move -Wno-pessimizing-move -Wno-noexcept-type -Wdelete-non-virtual-dtor -Wsuggest-override -Wno-comment -Wno-misleading-indentation    -Werror -Wctad-maybe-unsupported -std=gnu++17 -o CMakeFiles/cmTC_978e4.dir/src.cxx.o -c /home/wenhu/mlir-learning/build/CMakeFiles/CMakeTmp/src.cxx
Linking CXX executable cmTC_978e4
/usr/bin/cmake -E cmake_link_script CMakeFiles/cmTC_978e4.dir/link.txt --verbose=1
/usr/bin/c++  -fPIC -fno-semantic-interposition -fvisibility-inlines-hidden -Werror=date-time -fno-lifetime-dse -Wall -Wextra -Wno-unused-parameter -Wwrite-strings -Wcast-qual -Wno-missing-field-initializers -Wimplicit-fallthrough -Wno-nonnull -Wno-class-memaccess -Wno-redundant-move -Wno-pessimizing-move -Wno-noexcept-type -Wdelete-non-virtual-dtor -Wsuggest-override -Wno-comment -Wno-misleading-indentation  CMakeFiles/cmTC_978e4.dir/src.cxx.o -o cmTC_978e4 
gmake[2]: Leaving directory '/home/wenhu/mlir-learning/build/CMakeFiles/CMakeTmp'
gmake[1]: Leaving directory '/home/wenhu/mlir-learning/build/CMakeFiles/CMakeTmp'


Source file was:
int main() { return 0; }
Performing C SOURCE FILE Test C_SUPPORTS_FNO_FUNCTION_SECTIONS succeeded with the following output:
Change Dir: /home/wenhu/mlir-learning/build/CMakeFiles/CMakeTmp

Run Build Command(s):/usr/bin/gmake -f Makefile cmTC_fe05a/fast && gmake[1]: Entering directory '/home/wenhu/mlir-learning/build/CMakeFiles/CMakeTmp'
/usr/bin/gmake  -f CMakeFiles/cmTC_fe05a.dir/build.make CMakeFiles/cmTC_fe05a.dir/build
gmake[2]: Entering directory '/home/wenhu/mlir-learning/build/CMakeFiles/CMakeTmp'
Building C object CMakeFiles/cmTC_fe05a.dir/src.c.o
/usr/bin/cc -DC_SUPPORTS_FNO_FUNCTION_SECTIONS  -fPIC -fno-semantic-interposition -Werror=date-time -fno-lifetime-dse -Wall -Wextra -Wno-unused-parameter -Wwrite-strings -Wcast-qual -Wno-missing-field-initializers -Wimplicit-fallthrough -Wno-comment    -Werror -fno-function-sections -o CMakeFiles/cmTC_fe05a.dir/src.c.o -c /home/wenhu/mlir-learning/build/CMakeFiles/CMakeTmp/src.c
Linking C executable cmTC_fe05a
/usr/bin/cmake -E cmake_link_script CMakeFiles/cmTC_fe05a.dir/link.txt --verbose=1
/usr/bin/cc  -fPIC -fno-semantic-interposition -Werror=date-time -fno-lifetime-dse -Wall -Wextra -Wno-unused-parameter -Wwrite-strings -Wcast-qual -Wno-missing-field-initializers -Wimplicit-fallthrough -Wno-comment  CMakeFiles/cmTC_fe05a.dir/src.c.o -o cmTC_fe05a 
gmake[2]: Leaving directory '/home/wenhu/mlir-learning/build/CMakeFiles/CMakeTmp'
gmake[1]: Leaving directory '/home/wenhu/mlir-learning/build/CMakeFiles/CMakeTmp'


Source file was:
int main(void) { return 0; }
Performing C SOURCE FILE Test C_SUPPORTS_FFUNCTION_SECTIONS succeeded with the following output:
Change Dir: /home/wenhu/mlir-learning/build/CMakeFiles/CMakeTmp

Run Build Command(s):/usr/bin/gmake -f Makefile cmTC_a46ef/fast && gmake[1]: Entering directory '/home/wenhu/mlir-learning/build/CMakeFiles/CMakeTmp'
/usr/bin/gmake  -f CMakeFiles/cmTC_a46ef.dir/build.make CMakeFiles/cmTC_a46ef.dir/build
gmake[2]: Entering directory '/home/wenhu/mlir-learning/build/CMakeFiles/CMakeTmp'
Building C object CMakeFiles/cmTC_a46ef.dir/src.c.o
/usr/bin/cc -DC_SUPPORTS_FFUNCTION_SECTIONS  -fPIC -fno-semantic-interposition -Werror=date-time -fno-lifetime-dse -Wall -Wextra -Wno-unused-parameter -Wwrite-strings -Wcast-qual -Wno-missing-field-initializers -Wimplicit-fallthrough -Wno-comment    -Werror -ffunction-sections -o CMakeFiles/cmTC_a46ef.dir/src.c.o -c /home/wenhu/mlir-learning/build/CMakeFiles/CMakeTmp/src.c
Linking C executable cmTC_a46ef
/usr/bin/cmake -E cmake_link_script CMakeFiles/cmTC_a46ef.dir/link.txt --verbose=1
/usr/bin/cc  -fPIC -fno-semantic-interposition -Werror=date-time -fno-lifetime-dse -Wall -Wextra -Wno-unused-parameter -Wwrite-strings -Wcast-qual -Wno-missing-field-initializers -Wimplicit-fallthrough -Wno-comment  CMakeFiles/cmTC_a46ef.dir/src.c.o -o cmTC_a46ef 
gmake[2]: Leaving directory '/home/wenhu/mlir-learning/build/CMakeFiles/CMakeTmp'
gmake[1]: Leaving directory '/home/wenhu/mlir-learning/build/CMakeFiles/CMakeTmp'


Source file was:
int main(void) { return 0; }
Performing C++ SOURCE FILE Test CXX_SUPPORTS_FFUNCTION_SECTIONS succeeded with the following output:
Change Dir: /home/wenhu/mlir-learning/build/CMakeFiles/CMakeTmp

Run Build Command(s):/usr/bin/gmake -f Makefile cmTC_96093/fast && gmake[1]: Entering directory '/home/wenhu/mlir-learning/build/CMakeFiles/CMakeTmp'
/usr/bin/gmake  -f CMakeFiles/cmTC_96093.dir/build.make CMakeFiles/cmTC_96093.dir/build
gmake[2]: Entering directory '/home/wenhu/mlir-learning/build/CMakeFiles/CMakeTmp'
Building CXX object CMakeFiles/cmTC_96093.dir/src.cxx.o
/usr/bin/c++ -DCXX_SUPPORTS_FFUNCTION_SECTIONS  -fPIC -fno-semantic-interposition -fvisibility-inlines-hidden -Werror=date-time -fno-lifetime-dse -Wall -Wextra -Wno-unused-parameter -Wwrite-strings -Wcast-qual -Wno-missing-field-initializers -Wimplicit-fallthrough -Wno-nonnull -Wno-class-memaccess -Wno-redundant-move -Wno-pessimizing-move -Wno-noexcept-type -Wdelete-non-virtual-dtor -Wsuggest-override -Wno-comment -Wno-misleading-indentation -Wctad-maybe-unsupported    -Werror -ffunction-sections -std=gnu++17 -o CMakeFiles/cmTC_96093.dir/src.cxx.o -c /home/wenhu/mlir-learning/build/CMakeFiles/CMakeTmp/src.cxx
Linking CXX executable cmTC_96093
/usr/bin/cmake -E cmake_link_script CMakeFiles/cmTC_96093.dir/link.txt --verbose=1
/usr/bin/c++  -fPIC -fno-semantic-interposition -fvisibility-inlines-hidden -Werror=date-time -fno-lifetime-dse -Wall -Wextra -Wno-unused-parameter -Wwrite-strings -Wcast-qual -Wno-missing-field-initializers -Wimplicit-fallthrough -Wno-nonnull -Wno-class-memaccess -Wno-redundant-move -Wno-pessimizing-move -Wno-noexcept-type -Wdelete-non-virtual-dtor -Wsuggest-override -Wno-comment -Wno-misleading-indentation -Wctad-maybe-unsupported  CMakeFiles/cmTC_96093.dir/src.cxx.o -o cmTC_96093 
gmake[2]: Leaving directory '/home/wenhu/mlir-learning/build/CMakeFiles/CMakeTmp'
gmake[1]: Leaving directory '/home/wenhu/mlir-learning/build/CMakeFiles/CMakeTmp'


Source file was:
int main() { return 0; }
Performing C SOURCE FILE Test C_SUPPORTS_FDATA_SECTIONS succeeded with the following output:
Change Dir: /home/wenhu/mlir-learning/build/CMakeFiles/CMakeTmp

Run Build Command(s):/usr/bin/gmake -f Makefile cmTC_32643/fast && gmake[1]: Entering directory '/home/wenhu/mlir-learning/build/CMakeFiles/CMakeTmp'
/usr/bin/gmake  -f CMakeFiles/cmTC_32643.dir/build.make CMakeFiles/cmTC_32643.dir/build
gmake[2]: Entering directory '/home/wenhu/mlir-learning/build/CMakeFiles/CMakeTmp'
Building C object CMakeFiles/cmTC_32643.dir/src.c.o
/usr/bin/cc -DC_SUPPORTS_FDATA_SECTIONS  -fPIC -fno-semantic-interposition -Werror=date-time -fno-lifetime-dse -Wall -Wextra -Wno-unused-parameter -Wwrite-strings -Wcast-qual -Wno-missing-field-initializers -Wimplicit-fallthrough -Wno-comment -ffunction-sections    -Werror -fdata-sections -o CMakeFiles/cmTC_32643.dir/src.c.o -c /home/wenhu/mlir-learning/build/CMakeFiles/CMakeTmp/src.c
Linking C executable cmTC_32643
/usr/bin/cmake -E cmake_link_script CMakeFiles/cmTC_32643.dir/link.txt --verbose=1
/usr/bin/cc  -fPIC -fno-semantic-interposition -Werror=date-time -fno-lifetime-dse -Wall -Wextra -Wno-unused-parameter -Wwrite-strings -Wcast-qual -Wno-missing-field-initializers -Wimplicit-fallthrough -Wno-comment -ffunction-sections  CMakeFiles/cmTC_32643.dir/src.c.o -o cmTC_32643 
gmake[2]: Leaving directory '/home/wenhu/mlir-learning/build/CMakeFiles/CMakeTmp'
gmake[1]: Leaving directory '/home/wenhu/mlir-learning/build/CMakeFiles/CMakeTmp'


Source file was:
int main(void) { return 0; }
Performing C++ SOURCE FILE Test CXX_SUPPORTS_FDATA_SECTIONS succeeded with the following output:
Change Dir: /home/wenhu/mlir-learning/build/CMakeFiles/CMakeTmp

Run Build Command(s):/usr/bin/gmake -f Makefile cmTC_1012e/fast && gmake[1]: Entering directory '/home/wenhu/mlir-learning/build/CMakeFiles/CMakeTmp'
/usr/bin/gmake  -f CMakeFiles/cmTC_1012e.dir/build.make CMakeFiles/cmTC_1012e.dir/build
gmake[2]: Entering directory '/home/wenhu/mlir-learning/build/CMakeFiles/CMakeTmp'
Building CXX object CMakeFiles/cmTC_1012e.dir/src.cxx.o
/usr/bin/c++ -DCXX_SUPPORTS_FDATA_SECTIONS  -fPIC -fno-semantic-interposition -fvisibility-inlines-hidden -Werror=date-time -fno-lifetime-dse -Wall -Wextra -Wno-unused-parameter -Wwrite-strings -Wcast-qual -Wno-missing-field-initializers -Wimplicit-fallthrough -Wno-nonnull -Wno-class-memaccess -Wno-redundant-move -Wno-pessimizing-move -Wno-noexcept-type -Wdelete-non-virtual-dtor -Wsuggest-override -Wno-comment -Wno-misleading-indentation -Wctad-maybe-unsupported -ffunction-sections    -Werror -fdata-sections -std=gnu++17 -o CMakeFiles/cmTC_1012e.dir/src.cxx.o -c /home/wenhu/mlir-learning/build/CMakeFiles/CMakeTmp/src.cxx
Linking CXX executable cmTC_1012e
/usr/bin/cmake -E cmake_link_script CMakeFiles/cmTC_1012e.dir/link.txt --verbose=1
/usr/bin/c++  -fPIC -fno-semantic-interposition -fvisibility-inlines-hidden -Werror=date-time -fno-lifetime-dse -Wall -Wextra -Wno-unused-parameter -Wwrite-strings -Wcast-qual -Wno-missing-field-initializers -Wimplicit-fallthrough -Wno-nonnull -Wno-class-memaccess -Wno-redundant-move -Wno-pessimizing-move -Wno-noexcept-type -Wdelete-non-virtual-dtor -Wsuggest-override -Wno-comment -Wno-misleading-indentation -Wctad-maybe-unsupported -ffunction-sections  CMakeFiles/cmTC_1012e.dir/src.cxx.o -o cmTC_1012e 
gmake[2]: Leaving directory '/home/wenhu/mlir-learning/build/CMakeFiles/CMakeTmp'
gmake[1]: Leaving directory '/home/wenhu/mlir-learning/build/CMakeFiles/CMakeTmp'


Source file was:
int main() { return 0; }
